[ 2017-07-28T14:54:33+08:00 ] ::1 /bbs/index.php/Admin/Log/g
INFO: [ app_init ] --START--
INFO: Run Behavior\BuildLiteBehavior [ RunTime:0.000024s ]
INFO: [ app_init ] --END-- [ RunTime:0.001331s ]

[ 2017-07-28T15:00:44+08:00 ] ::1 /bbs/index.php/Admin/Log/g
INFO: [ app_init ] --START--
INFO: Run Behavior\BuildLiteBehavior [ RunTime:0.000023s ]
INFO: [ app_init ] --END-- [ RunTime:0.001282s ]

[ 2017-07-28T15:00:54+08:00 ] ::1 /bbs/index.php/Admin/Admin/a.html
INFO: [ app_init ] --START--
INFO: Run Behavior\BuildLiteBehavior [ RunTime:0.000012s ]
INFO: [ app_init ] --END-- [ RunTime:0.000882s ]

[ 2017-07-28T15:00:56+08:00 ] ::1 /bbs/index.php/Admin/Admin/admin.html
INFO: [ app_init ] --START--
INFO: Run Behavior\BuildLiteBehavior [ RunTime:0.000012s ]
INFO: [ app_init ] --END-- [ RunTime:0.000729s ]

[ 2017-07-28T15:01:02+08:00 ] ::1 /bbs/index.php/Admin/LY/y.html
INFO: [ app_init ] --START--
INFO: Run Behavior\BuildLiteBehavior [ RunTime:0.000013s ]
INFO: [ app_init ] --END-- [ RunTime:0.000691s ]

[ 2017-07-28T15:01:04+08:00 ] ::1 /bbs/index.php/Admin/LY/y/p/2.html
INFO: [ app_init ] --START--
INFO: Run Behavior\BuildLiteBehavior [ RunTime:0.000013s ]
INFO: [ app_init ] --END-- [ RunTime:0.000857s ]

[ 2017-07-28T15:01:06+08:00 ] ::1 /bbs/index.php/Admin/LY/y/p/3.html
INFO: [ app_init ] --START--
INFO: Run Behavior\BuildLiteBehavior [ RunTime:0.000013s ]
INFO: [ app_init ] --END-- [ RunTime:0.000660s ]

[ 2017-07-28T15:01:08+08:00 ] ::1 /bbs/index.php/Admin/LY/y/p/2.html
INFO: [ app_init ] --START--
INFO: Run Behavior\BuildLiteBehavior [ RunTime:0.000014s ]
INFO: [ app_init ] --END-- [ RunTime:0.000723s ]

[ 2017-07-28T15:01:09+08:00 ] ::1 /bbs/index.php/Admin/LY/y/p/1.html
INFO: [ app_init ] --START--
INFO: Run Behavior\BuildLiteBehavior [ RunTime:0.000012s ]
INFO: [ app_init ] --END-- [ RunTime:0.000729s ]

[ 2017-07-28T15:06:02+08:00 ] ::1 /bbs/index.php/Admin/LY/y/p/1.html
INFO: [ app_init ] --START--
INFO: Run Behavior\BuildLiteBehavior [ RunTime:0.000013s ]
INFO: [ app_init ] --END-- [ RunTime:0.000835s ]

[ 2017-07-28T15:06:04+08:00 ] ::1 /bbs/index.php/Admin/LY/y/p/2.html
INFO: [ app_init ] --START--
INFO: Run Behavior\BuildLiteBehavior [ RunTime:0.000017s ]
INFO: [ app_init ] --END-- [ RunTime:0.000862s ]

[ 2017-07-28T15:06:35+08:00 ] ::1 /bbs/index.php/Admin/LY/y/p/2.html
INFO: [ app_init ] --START--
INFO: Run Behavior\BuildLiteBehavior [ RunTime:0.000012s ]
INFO: [ app_init ] --END-- [ RunTime:0.000722s ]

[ 2017-07-28T15:06:39+08:00 ] ::1 /bbs/index.php/Admin/LY/y/p/1.html
INFO: [ app_init ] --START--
INFO: Run Behavior\BuildLiteBehavior [ RunTime:0.000020s ]
INFO: [ app_init ] --END-- [ RunTime:0.001022s ]

[ 2017-07-28T15:07:50+08:00 ] ::1 /bbs/index.php/Admin/Admin/ud.html
INFO: [ app_init ] --START--
INFO: Run Behavior\BuildLiteBehavior [ RunTime:0.000017s ]
INFO: [ app_init ] --END-- [ RunTime:0.001074s ]

[ 2017-07-28T15:07:52+08:00 ] ::1 /bbs/index.php/Admin/Admin/admin.html
INFO: [ app_init ] --START--
INFO: Run Behavior\BuildLiteBehavior [ RunTime:0.000011s ]
INFO: [ app_init ] --END-- [ RunTime:0.000815s ]

[ 2017-07-28T15:13:32+08:00 ] ::1 /bbs/index.php/Admin/Admin/admin.html
INFO: [ app_init ] --START--
INFO: Run Behavior\BuildLiteBehavior [ RunTime:0.000012s ]
INFO: [ app_init ] --END-- [ RunTime:0.000761s ]

[ 2017-07-28T15:14:13+08:00 ] ::1 /bbs/index.php/Admin/Admin/admin.html
INFO: [ app_init ] --START--
INFO: Run Behavior\BuildLiteBehavior [ RunTime:0.000014s ]
INFO: [ app_init ] --END-- [ RunTime:0.000811s ]

[ 2017-07-28T15:14:18+08:00 ] ::1 /bbs/index.php/Admin/Admin/admin.html
INFO: [ app_init ] --START--
INFO: Run Behavior\BuildLiteBehavior [ RunTime:0.000012s ]
INFO: [ app_init ] --END-- [ RunTime:0.001066s ]

[ 2017-07-28T15:14:20+08:00 ] ::1 /bbs/index.php/Admin/Admin/ud.html
INFO: [ app_init ] --START--
INFO: Run Behavior\BuildLiteBehavior [ RunTime:0.000011s ]
INFO: [ app_init ] --END-- [ RunTime:0.000561s ]

[ 2017-07-28T15:14:22+08:00 ] ::1 /bbs/index.php/Admin/LY/y.html
INFO: [ app_init ] --START--
INFO: Run Behavior\BuildLiteBehavior [ RunTime:0.000011s ]
INFO: [ app_init ] --END-- [ RunTime:0.000628s ]

[ 2017-07-28T15:14:27+08:00 ] ::1 /bbs/index.php/Admin/BW/w.html
INFO: [ app_init ] --START--
INFO: Run Behavior\BuildLiteBehavior [ RunTime:0.000015s ]
INFO: [ app_init ] --END-- [ RunTime:0.001067s ]

[ 2017-07-28T15:14:33+08:00 ] ::1 /bbs/index.php/Admin/BW/w/p/2.html
INFO: [ app_init ] --START--
INFO: Run Behavior\BuildLiteBehavior [ RunTime:0.000013s ]
INFO: [ app_init ] --END-- [ RunTime:0.000613s ]

[ 2017-07-28T15:15:44+08:00 ] ::1 /bbs/index.php/Admin/BW/w/p/2.html
INFO: [ app_init ] --START--
INFO: Run Behavior\BuildLiteBehavior [ RunTime:0.000022s ]
INFO: [ app_init ] --END-- [ RunTime:0.001018s ]

[ 2017-07-28T15:15:46+08:00 ] ::1 /bbs/index.php/Admin/BW/w/p/1.html
INFO: [ app_init ] --START--
INFO: Run Behavior\BuildLiteBehavior [ RunTime:0.000012s ]
INFO: [ app_init ] --END-- [ RunTime:0.000660s ]

[ 2017-07-28T15:16:10+08:00 ] ::1 /bbs/index.php/Admin/Log/esc.html
INFO: [ app_init ] --START--
INFO: Run Behavior\BuildLiteBehavior [ RunTime:0.000011s ]
INFO: [ app_init ] --END-- [ RunTime:0.000711s ]

[ 2017-07-28T15:16:12+08:00 ] ::1 /bbs/index.php/Admin/Log/log.html
INFO: [ app_init ] --START--
INFO: Run Behavior\BuildLiteBehavior [ RunTime:0.000015s ]
INFO: [ app_init ] --END-- [ RunTime:0.000727s ]

[ 2017-07-28T15:16:16+08:00 ] ::1 /bbs/index.php/Admin/BW/w/p/1.html
INFO: [ app_init ] --START--
INFO: Run Behavior\BuildLiteBehavior [ RunTime:0.000012s ]
INFO: [ app_init ] --END-- [ RunTime:0.000718s ]

[ 2017-07-28T15:16:20+08:00 ] ::1 /bbs/index.php/Admin/Log/log.html
INFO: [ app_init ] --START--
INFO: Run Behavior\BuildLiteBehavior [ RunTime:0.000020s ]
INFO: [ app_init ] --END-- [ RunTime:0.001206s ]

[ 2017-07-28T15:18:02+08:00 ] ::1 /bbs/index.php/Admin/Log/log.html
INFO: [ app_init ] --START--
INFO: Run Behavior\BuildLiteBehavior [ RunTime:0.000014s ]
INFO: [ app_init ] --END-- [ RunTime:0.000795s ]

[ 2017-07-28T15:18:03+08:00 ] ::1 /bbs/index.php/Admin/Log/log.html
INFO: [ app_init ] --START--
INFO: Run Behavior\BuildLiteBehavior [ RunTime:0.000012s ]
INFO: [ app_init ] --END-- [ RunTime:0.000827s ]

[ 2017-07-28T15:18:09+08:00 ] ::1 /bbs/index.php/Admin/Admin/a.html
INFO: [ app_init ] --START--
INFO: Run Behavior\BuildLiteBehavior [ RunTime:0.000012s ]
INFO: [ app_init ] --END-- [ RunTime:0.000842s ]

[ 2017-07-28T15:18:10+08:00 ] ::1 /bbs/index.php/Admin/Admin/admin.html
INFO: [ app_init ] --START--
INFO: Run Behavior\BuildLiteBehavior [ RunTime:0.000012s ]
INFO: [ app_init ] --END-- [ RunTime:0.000840s ]

[ 2017-07-28T15:18:16+08:00 ] ::1 /bbs/index.php/Admin/Log/esc.html
INFO: [ app_init ] --START--
INFO: Run Behavior\BuildLiteBehavior [ RunTime:0.000020s ]
INFO: [ app_init ] --END-- [ RunTime:0.000903s ]

[ 2017-07-28T15:18:17+08:00 ] ::1 /bbs/index.php/Admin/Log/log.html
INFO: [ app_init ] --START--
INFO: Run Behavior\BuildLiteBehavior [ RunTime:0.000016s ]
INFO: [ app_init ] --END-- [ RunTime:0.002115s ]

[ 2017-07-28T15:18:22+08:00 ] ::1 /bbs/index.php/Admin/Log/g.html
INFO: [ app_init ] --START--
INFO: Run Behavior\BuildLiteBehavior [ RunTime:0.000014s ]
INFO: [ app_init ] --END-- [ RunTime:0.001218s ]

[ 2017-07-28T15:28:22+08:00 ] ::1 /bbs/index.php/Admin/Admin/a.html
INFO: [ app_init ] --START--
INFO: Run Behavior\BuildLiteBehavior [ RunTime:0.000013s ]
INFO: [ app_init ] --END-- [ RunTime:0.000804s ]

[ 2017-07-28T15:28:31+08:00 ] ::1 /bbs/index.php/Admin/Admin/a.html
INFO: [ app_init ] --START--
INFO: Run Behavior\BuildLiteBehavior [ RunTime:0.000015s ]
INFO: [ app_init ] --END-- [ RunTime:0.001592s ]

[ 2017-07-28T15:28:36+08:00 ] ::1 /bbs/index.php/Admin/Admin/a.html
INFO: [ app_init ] --START--
INFO: Run Behavior\BuildLiteBehavior [ RunTime:0.000019s ]
INFO: [ app_init ] --END-- [ RunTime:0.001916s ]

[ 2017-07-28T15:28:45+08:00 ] ::1 /bbs/index.php/Admin/Admin/a.html
INFO: [ app_init ] --START--
INFO: Run Behavior\BuildLiteBehavior [ RunTime:0.000013s ]
INFO: [ app_init ] --END-- [ RunTime:0.000902s ]

[ 2017-07-28T15:28:50+08:00 ] ::1 /bbs/index.php/Admin/Admin/a.html
INFO: [ app_init ] --START--
INFO: Run Behavior\BuildLiteBehavior [ RunTime:0.000023s ]
INFO: [ app_init ] --END-- [ RunTime:0.001316s ]

[ 2017-07-28T15:28:52+08:00 ] ::1 /bbs/index.php/Admin/Admin/admin.html
INFO: [ app_init ] --START--
INFO: Run Behavior\BuildLiteBehavior [ RunTime:0.000016s ]
INFO: [ app_init ] --END-- [ RunTime:0.001498s ]

[ 2017-07-28T15:28:55+08:00 ] ::1 /bbs/index.php/Admin/Admin/admin.html
INFO: [ app_init ] --START--
INFO: Run Behavior\BuildLiteBehavior [ RunTime:0.000023s ]
INFO: [ app_init ] --END-- [ RunTime:0.001180s ]

[ 2017-07-28T15:28:56+08:00 ] ::1 /bbs/index.php/Admin/BW/add.html
INFO: [ app_init ] --START--
INFO: Run Behavior\BuildLiteBehavior [ RunTime:0.000012s ]
INFO: [ app_init ] --END-- [ RunTime:0.000889s ]

[ 2017-07-28T15:29:01+08:00 ] ::1 /bbs/index.php/Admin/BW/doadd.html?title=1&uname=%E5%B0%8F%E5%87%89&jjie=1&text=1
INFO: [ app_init ] --START--
INFO: Run Behavior\BuildLiteBehavior [ RunTime:0.000035s ]
INFO: [ app_init ] --END-- [ RunTime:0.001206s ]
INFO: [ app_begin ] --START--
INFO: Run Behavior\ReadHtmlCacheBehavior [ RunTime:0.002822s ]
INFO: [ app_begin ] --END-- [ RunTime:0.002951s ]
SQL: SHOW COLUMNS FROM `wz` [ RunTime:0.0039s ]
SQL: INSERT INTO `wz` (`w_title`,`w_name`,`time`,`jjie`,`text`) VALUES ('1','小凉','2017-07-28 15:29:00','1','1') [ RunTime:0.2513s ]
INFO: [ app_end ] --START--
INFO: Run Behavior\ShowPageTraceBehavior [ RunTime:0.001172s ]
INFO: [ app_end ] --END-- [ RunTime:0.001208s ]

[ 2017-07-28T15:29:03+08:00 ] ::1 /bbs/index.php/Admin/BW/add.html
INFO: [ app_init ] --START--
INFO: Run Behavior\BuildLiteBehavior [ RunTime:0.000012s ]
INFO: [ app_init ] --END-- [ RunTime:0.000827s ]

[ 2017-07-28T15:29:06+08:00 ] ::1 /bbs/index.php/Admin/BW/doadd.html?title=2&uname=%E5%B0%8F%E5%87%89&jjie=2&text=2
INFO: [ app_init ] --START--
INFO: Run Behavior\BuildLiteBehavior [ RunTime:0.000015s ]
INFO: [ app_init ] --END-- [ RunTime:0.001020s ]
INFO: [ app_begin ] --START--
INFO: Run Behavior\ReadHtmlCacheBehavior [ RunTime:0.001128s ]
INFO: [ app_begin ] --END-- [ RunTime:0.001174s ]
SQL: SHOW COLUMNS FROM `wz` [ RunTime:0.0049s ]
SQL: INSERT INTO `wz` (`w_title`,`w_name`,`time`,`jjie`,`text`) VALUES ('2','小凉','2017-07-28 15:29:06','2','2') [ RunTime:0.0526s ]
INFO: [ app_end ] --START--
INFO: Run Behavior\ShowPageTraceBehavior [ RunTime:0.001586s ]
INFO: [ app_end ] --END-- [ RunTime:0.001640s ]

[ 2017-07-28T15:29:07+08:00 ] ::1 /bbs/index.php/Admin/BW/add.html
INFO: [ app_init ] --START--
INFO: Run Behavior\BuildLiteBehavior [ RunTime:0.000091s ]
INFO: [ app_init ] --END-- [ RunTime:0.001469s ]

[ 2017-07-28T15:29:10+08:00 ] ::1 /bbs/index.php/Admin/BW/doadd.html?title=12&uname=%E5%B0%8F%E5%87%89&jjie=12&text=12
INFO: [ app_init ] --START--
INFO: Run Behavior\BuildLiteBehavior [ RunTime:0.000013s ]
INFO: [ app_init ] --END-- [ RunTime:0.000947s ]
INFO: [ app_begin ] --START--
INFO: Run Behavior\ReadHtmlCacheBehavior [ RunTime:0.001112s ]
INFO: [ app_begin ] --END-- [ RunTime:0.001162s ]
SQL: SHOW COLUMNS FROM `wz` [ RunTime:0.0028s ]
SQL: INSERT INTO `wz` (`w_title`,`w_name`,`time`,`jjie`,`text`) VALUES ('12','小凉','2017-07-28 15:29:10','12','12') [ RunTime:0.0524s ]
INFO: [ app_end ] --START--
INFO: Run Behavior\ShowPageTraceBehavior [ RunTime:0.001145s ]
INFO: [ app_end ] --END-- [ RunTime:0.001182s ]

[ 2017-07-28T15:29:12+08:00 ] ::1 /bbs/index.php/Admin/BW/add.html
INFO: [ app_init ] --START--
INFO: Run Behavior\BuildLiteBehavior [ RunTime:0.000011s ]
INFO: [ app_init ] --END-- [ RunTime:0.000818s ]

[ 2017-07-28T15:29:16+08:00 ] ::1 /bbs/index.php/Admin/BW/doadd.html?title=12123&uname=%E5%B0%8F%E5%87%89&jjie=12312&text=21321312
INFO: [ app_init ] --START--
INFO: Run Behavior\BuildLiteBehavior [ RunTime:0.000013s ]
INFO: [ app_init ] --END-- [ RunTime:0.001490s ]
INFO: [ app_begin ] --START--
INFO: Run Behavior\ReadHtmlCacheBehavior [ RunTime:0.001077s ]
INFO: [ app_begin ] --END-- [ RunTime:0.001119s ]
SQL: SHOW COLUMNS FROM `wz` [ RunTime:0.0033s ]
SQL: INSERT INTO `wz` (`w_title`,`w_name`,`time`,`jjie`,`text`) VALUES ('12123','小凉','2017-07-28 15:29:16','12312','21321312') [ RunTime:0.0797s ]
INFO: [ app_end ] --START--
INFO: Run Behavior\ShowPageTraceBehavior [ RunTime:0.001256s ]
INFO: [ app_end ] --END-- [ RunTime:0.001296s ]

[ 2017-07-28T15:29:18+08:00 ] ::1 /bbs/index.php/Admin/BW/add.html
INFO: [ app_init ] --START--
INFO: Run Behavior\BuildLiteBehavior [ RunTime:0.000012s ]
INFO: [ app_init ] --END-- [ RunTime:0.000967s ]

[ 2017-07-28T15:29:22+08:00 ] ::1 /bbs/index.php/Admin/BW/doadd.html?title=12312312312&uname=%E5%B0%8F%E5%87%89&jjie=13123123122&text=2131231231232
INFO: [ app_init ] --START--
INFO: Run Behavior\BuildLiteBehavior [ RunTime:0.000013s ]
INFO: [ app_init ] --END-- [ RunTime:0.000686s ]
INFO: [ app_begin ] --START--
INFO: Run Behavior\ReadHtmlCacheBehavior [ RunTime:0.002161s ]
INFO: [ app_begin ] --END-- [ RunTime:0.002233s ]
SQL: SHOW COLUMNS FROM `wz` [ RunTime:0.0062s ]
SQL: INSERT INTO `wz` (`w_title`,`w_name`,`time`,`jjie`,`text`) VALUES ('12312312312','小凉','2017-07-28 15:29:22','13123123122','2131231231232') [ RunTime:0.0765s ]
INFO: [ app_end ] --START--
INFO: Run Behavior\ShowPageTraceBehavior [ RunTime:0.001343s ]
INFO: [ app_end ] --END-- [ RunTime:0.001390s ]

[ 2017-07-28T15:29:23+08:00 ] ::1 /bbs/index.php/Admin/BW/add.html
INFO: [ app_init ] --START--
INFO: Run Behavior\BuildLiteBehavior [ RunTime:0.000013s ]
INFO: [ app_init ] --END-- [ RunTime:0.000900s ]

[ 2017-07-28T15:29:28+08:00 ] ::1 /bbs/index.php/Admin/BW/doadd.html?title=23232111&uname=%E5%B0%8F%E5%87%89&jjie=12323232&text=23123123123
INFO: [ app_init ] --START--
INFO: Run Behavior\BuildLiteBehavior [ RunTime:0.000013s ]
INFO: [ app_init ] --END-- [ RunTime:0.000825s ]
INFO: [ app_begin ] --START--
INFO: Run Behavior\ReadHtmlCacheBehavior [ RunTime:0.001107s ]
INFO: [ app_begin ] --END-- [ RunTime:0.001150s ]
SQL: SHOW COLUMNS FROM `wz` [ RunTime:0.0046s ]
SQL: INSERT INTO `wz` (`w_title`,`w_name`,`time`,`jjie`,`text`) VALUES ('23232111','小凉','2017-07-28 15:29:28','12323232','23123123123') [ RunTime:0.0522s ]
INFO: [ app_end ] --START--
INFO: Run Behavior\ShowPageTraceBehavior [ RunTime:0.000967s ]
INFO: [ app_end ] --END-- [ RunTime:0.001002s ]

[ 2017-07-28T15:29:29+08:00 ] ::1 /bbs/index.php/Admin/BW/add.html
INFO: [ app_init ] --START--
INFO: Run Behavior\BuildLiteBehavior [ RunTime:0.000012s ]
INFO: [ app_init ] --END-- [ RunTime:0.000668s ]

[ 2017-07-28T15:29:33+08:00 ] ::1 /bbs/index.php/Admin/BW/doadd.html?title=2222&uname=%E5%B0%8F%E5%87%89&jjie=2222&text=2222
INFO: [ app_init ] --START--
INFO: Run Behavior\BuildLiteBehavior [ RunTime:0.000014s ]
INFO: [ app_init ] --END-- [ RunTime:0.000737s ]
INFO: [ app_begin ] --START--
INFO: Run Behavior\ReadHtmlCacheBehavior [ RunTime:0.002025s ]
INFO: [ app_begin ] --END-- [ RunTime:0.002171s ]
SQL: SHOW COLUMNS FROM `wz` [ RunTime:0.0038s ]
SQL: INSERT INTO `wz` (`w_title`,`w_name`,`time`,`jjie`,`text`) VALUES ('2222','小凉','2017-07-28 15:29:33','2222','2222') [ RunTime:0.1567s ]
INFO: [ app_end ] --START--
INFO: Run Behavior\ShowPageTraceBehavior [ RunTime:0.001484s ]
INFO: [ app_end ] --END-- [ RunTime:0.001539s ]

[ 2017-07-28T15:29:34+08:00 ] ::1 /bbs/index.php/Admin/BW/add.html
INFO: [ app_init ] --START--
INFO: Run Behavior\BuildLiteBehavior [ RunTime:0.000013s ]
INFO: [ app_init ] --END-- [ RunTime:0.000838s ]

[ 2017-07-28T15:29:38+08:00 ] ::1 /bbs/index.php/Admin/BW/doadd.html?title=2222&uname=%E5%B0%8F%E5%87%89&jjie=2222&text=2222
INFO: [ app_init ] --START--
INFO: Run Behavior\BuildLiteBehavior [ RunTime:0.000012s ]
INFO: [ app_init ] --END-- [ RunTime:0.001002s ]
INFO: [ app_begin ] --START--
INFO: Run Behavior\ReadHtmlCacheBehavior [ RunTime:0.001573s ]
INFO: [ app_begin ] --END-- [ RunTime:0.001625s ]
SQL: SHOW COLUMNS FROM `wz` [ RunTime:0.0044s ]
SQL: INSERT INTO `wz` (`w_title`,`w_name`,`time`,`jjie`,`text`) VALUES ('2222','小凉','2017-07-28 15:29:38','2222','2222') [ RunTime:0.0759s ]
INFO: [ app_end ] --START--
INFO: Run Behavior\ShowPageTraceBehavior [ RunTime:0.001219s ]
INFO: [ app_end ] --END-- [ RunTime:0.001273s ]

[ 2017-07-28T15:29:39+08:00 ] ::1 /bbs/index.php/Admin/BW/add.html
INFO: [ app_init ] --START--
INFO: Run Behavior\BuildLiteBehavior [ RunTime:0.000011s ]
INFO: [ app_init ] --END-- [ RunTime:0.000600s ]

[ 2017-07-28T15:29:41+08:00 ] ::1 /bbs/index.php/Admin/BW/w.html
INFO: [ app_init ] --START--
INFO: Run Behavior\BuildLiteBehavior [ RunTime:0.000012s ]
INFO: [ app_init ] --END-- [ RunTime:0.000699s ]

[ 2017-07-28T16:18:21+08:00 ] ::1 /bbs/index.php/Admin/BW/w.html
INFO: [ app_init ] --START--
INFO: Run Behavior\BuildLiteBehavior [ RunTime:0.000013s ]
INFO: [ app_init ] --END-- [ RunTime:0.000620s ]

[ 2017-07-28T16:18:25+08:00 ] ::1 /bbs/index.php/Admin/Log/log.html
INFO: [ app_init ] --START--
INFO: Run Behavior\BuildLiteBehavior [ RunTime:0.000019s ]
INFO: [ app_init ] --END-- [ RunTime:0.000947s ]

[ 2017-07-28T16:43:25+08:00 ] ::1 /bbs/index.php/Admin/Log/g
INFO: [ app_init ] --START--
INFO: Run Behavior\BuildLiteBehavior [ RunTime:0.000012s ]
INFO: [ app_init ] --END-- [ RunTime:0.000840s ]

[ 2017-07-28T16:43:31+08:00 ] ::1 /bbs/index.php/Admin/Admin/a.html
INFO: [ app_init ] --START--
INFO: Run Behavior\BuildLiteBehavior [ RunTime:0.000017s ]
INFO: [ app_init ] --END-- [ RunTime:0.000942s ]

[ 2017-07-28T16:43:32+08:00 ] ::1 /bbs/index.php/Admin/Admin/admin.html
INFO: [ app_init ] --START--
INFO: Run Behavior\BuildLiteBehavior [ RunTime:0.000036s ]
INFO: [ app_init ] --END-- [ RunTime:0.000831s ]

[ 2017-07-28T16:43:34+08:00 ] ::1 /bbs/index.php/Admin/BW/w.html
INFO: [ app_init ] --START--
INFO: Run Behavior\BuildLiteBehavior [ RunTime:0.000013s ]
INFO: [ app_init ] --END-- [ RunTime:0.000628s ]

[ 2017-07-28T16:44:45+08:00 ] ::1 /bbs/index.php/Admin/BW/w.html
INFO: [ app_init ] --START--
INFO: Run Behavior\BuildLiteBehavior [ RunTime:0.000012s ]
INFO: [ app_init ] --END-- [ RunTime:0.000898s ]

[ 2017-07-28T16:50:54+08:00 ] ::1 /bbs/index.php/Admin/BW/w.html
INFO: [ app_init ] --START--
INFO: Run Behavior\BuildLiteBehavior [ RunTime:0.000012s ]
INFO: [ app_init ] --END-- [ RunTime:0.000734s ]

[ 2017-07-28T16:50:57+08:00 ] ::1 /bbs/index.php/Admin/BW/dodele.html
INFO: [ app_init ] --START--
INFO: Run Behavior\BuildLiteBehavior [ RunTime:0.000011s ]
INFO: [ app_init ] --END-- [ RunTime:0.000591s ]
INFO: [ app_begin ] --START--
INFO: Run Behavior\ReadHtmlCacheBehavior [ RunTime:0.000982s ]
INFO: [ app_begin ] --END-- [ RunTime:0.001027s ]
INFO: [ app_end ] --START--
INFO: Run Behavior\ShowPageTraceBehavior [ RunTime:0.001228s ]
INFO: [ app_end ] --END-- [ RunTime:0.001288s ]

[ 2017-07-28T16:51:00+08:00 ] ::1 /bbs/index.php/Admin/BW/dodele.html
INFO: [ app_init ] --START--
INFO: Run Behavior\BuildLiteBehavior [ RunTime:0.000018s ]
INFO: [ app_init ] --END-- [ RunTime:0.000706s ]
INFO: [ app_begin ] --START--
INFO: Run Behavior\ReadHtmlCacheBehavior [ RunTime:0.001364s ]
INFO: [ app_begin ] --END-- [ RunTime:0.001430s ]
INFO: [ app_end ] --START--
INFO: Run Behavior\ShowPageTraceBehavior [ RunTime:0.001284s ]
INFO: [ app_end ] --END-- [ RunTime:0.001329s ]

[ 2017-07-28T16:51:02+08:00 ] ::1 /bbs/index.php/Admin/BW/dodele.html
INFO: [ app_init ] --START--
INFO: Run Behavior\BuildLiteBehavior [ RunTime:0.000015s ]
INFO: [ app_init ] --END-- [ RunTime:0.000912s ]
INFO: [ app_begin ] --START--
INFO: Run Behavior\ReadHtmlCacheBehavior [ RunTime:0.001031s ]
INFO: [ app_begin ] --END-- [ RunTime:0.001074s ]
INFO: [ app_end ] --START--
INFO: Run Behavior\ShowPageTraceBehavior [ RunTime:0.001058s ]
INFO: [ app_end ] --END-- [ RunTime:0.001097s ]

[ 2017-07-28T16:51:19+08:00 ] ::1 /bbs/index.php/Admin/BW/w.html
INFO: [ app_init ] --START--
INFO: Run Behavior\BuildLiteBehavior [ RunTime:0.000014s ]
INFO: [ app_init ] --END-- [ RunTime:0.000755s ]

[ 2017-07-28T16:51:20+08:00 ] ::1 /bbs/index.php/Admin/BW/dodele.html
INFO: [ app_init ] --START--
INFO: Run Behavior\BuildLiteBehavior [ RunTime:0.000018s ]
INFO: [ app_init ] --END-- [ RunTime:0.000681s ]
INFO: [ app_begin ] --START--
INFO: Run Behavior\ReadHtmlCacheBehavior [ RunTime:0.001048s ]
INFO: [ app_begin ] --END-- [ RunTime:0.001096s ]
INFO: [ app_end ] --START--
INFO: Run Behavior\ShowPageTraceBehavior [ RunTime:0.001290s ]
INFO: [ app_end ] --END-- [ RunTime:0.001352s ]

[ 2017-07-28T16:51:23+08:00 ] ::1 /bbs/index.php/Admin/BW/dodele.html
INFO: [ app_init ] --START--
INFO: Run Behavior\BuildLiteBehavior [ RunTime:0.000010s ]
INFO: [ app_init ] --END-- [ RunTime:0.000577s ]
INFO: [ app_begin ] --START--
INFO: Run Behavior\ReadHtmlCacheBehavior [ RunTime:0.001064s ]
INFO: [ app_begin ] --END-- [ RunTime:0.001114s ]
INFO: [ app_end ] --START--
INFO: Run Behavior\ShowPageTraceBehavior [ RunTime:0.001024s ]
INFO: [ app_end ] --END-- [ RunTime:0.001065s ]

[ 2017-07-28T16:51:25+08:00 ] ::1 /bbs/index.php/Admin/BW/dodele.html
INFO: [ app_init ] --START--
INFO: Run Behavior\BuildLiteBehavior [ RunTime:0.000012s ]
INFO: [ app_init ] --END-- [ RunTime:0.000697s ]
INFO: [ app_begin ] --START--
INFO: Run Behavior\ReadHtmlCacheBehavior [ RunTime:0.001030s ]
INFO: [ app_begin ] --END-- [ RunTime:0.001074s ]
INFO: [ app_end ] --START--
INFO: Run Behavior\ShowPageTraceBehavior [ RunTime:0.001040s ]
INFO: [ app_end ] --END-- [ RunTime:0.001077s ]

[ 2017-07-28T16:53:02+08:00 ] ::1 /bbs/index.php/Admin/BW/w.html
INFO: [ app_init ] --START--
INFO: Run Behavior\BuildLiteBehavior [ RunTime:0.000014s ]
INFO: [ app_init ] --END-- [ RunTime:0.000851s ]

[ 2017-07-28T16:53:05+08:00 ] ::1 /bbs/index.php/Admin/BW/dodele.html
INFO: [ app_init ] --START--
INFO: Run Behavior\BuildLiteBehavior [ RunTime:0.000013s ]
INFO: [ app_init ] --END-- [ RunTime:0.000627s ]
INFO: [ app_begin ] --START--
INFO: Run Behavior\ReadHtmlCacheBehavior [ RunTime:0.001000s ]
INFO: [ app_begin ] --END-- [ RunTime:0.001039s ]
SQL: SHOW COLUMNS FROM `wz` [ RunTime:0.0030s ]
SQL: DELETE FROM `wz` WHERE `id` = 8916 [ RunTime:0.0977s ]
INFO: [ app_end ] --START--
INFO: Run Behavior\ShowPageTraceBehavior [ RunTime:0.001247s ]
INFO: [ app_end ] --END-- [ RunTime:0.001282s ]

[ 2017-07-28T16:53:05+08:00 ] ::1 /bbs/index.php/Admin/BW/w.html
INFO: [ app_init ] --START--
INFO: Run Behavior\BuildLiteBehavior [ RunTime:0.000018s ]
INFO: [ app_init ] --END-- [ RunTime:0.000948s ]

[ 2017-07-28T16:53:07+08:00 ] ::1 /bbs/index.php/Admin/BW/dodele.html
INFO: [ app_init ] --START--
INFO: Run Behavior\BuildLiteBehavior [ RunTime:0.000011s ]
INFO: [ app_init ] --END-- [ RunTime:0.000577s ]
INFO: [ app_begin ] --START--
INFO: Run Behavior\ReadHtmlCacheBehavior [ RunTime:0.001059s ]
INFO: [ app_begin ] --END-- [ RunTime:0.001116s ]
SQL: SHOW COLUMNS FROM `wz` [ RunTime:0.0039s ]
SQL: DELETE FROM `wz` WHERE `id` = 8917 [ RunTime:0.0835s ]
INFO: [ app_end ] --START--
INFO: Run Behavior\ShowPageTraceBehavior [ RunTime:0.001896s ]
INFO: [ app_end ] --END-- [ RunTime:0.001958s ]

[ 2017-07-28T16:53:07+08:00 ] ::1 /bbs/index.php/Admin/BW/w.html
INFO: [ app_init ] --START--
INFO: Run Behavior\BuildLiteBehavior [ RunTime:0.000012s ]
INFO: [ app_init ] --END-- [ RunTime:0.000588s ]

[ 2017-07-28T16:53:09+08:00 ] ::1 /bbs/index.php/Admin/BW/dodele.html
INFO: [ app_init ] --START--
INFO: Run Behavior\BuildLiteBehavior [ RunTime:0.000018s ]
INFO: [ app_init ] --END-- [ RunTime:0.000875s ]
INFO: [ app_begin ] --START--
INFO: Run Behavior\ReadHtmlCacheBehavior [ RunTime:0.001481s ]
INFO: [ app_begin ] --END-- [ RunTime:0.001549s ]
SQL: SHOW COLUMNS FROM `wz` [ RunTime:0.0040s ]
SQL: DELETE FROM `wz` WHERE `id` = 8898 [ RunTime:0.0530s ]
INFO: [ app_end ] --START--
INFO: Run Behavior\ShowPageTraceBehavior [ RunTime:0.001536s ]
INFO: [ app_end ] --END-- [ RunTime:0.001580s ]

[ 2017-07-28T16:53:09+08:00 ] ::1 /bbs/index.php/Admin/BW/w.html
INFO: [ app_init ] --START--
INFO: Run Behavior\BuildLiteBehavior [ RunTime:0.000012s ]
INFO: [ app_init ] --END-- [ RunTime:0.000569s ]

[ 2017-07-28T16:53:11+08:00 ] ::1 /bbs/index.php/Admin/BW/dodele.html
INFO: [ app_init ] --START--
INFO: Run Behavior\BuildLiteBehavior [ RunTime:0.000021s ]
INFO: [ app_init ] --END-- [ RunTime:0.000681s ]
INFO: [ app_begin ] --START--
INFO: Run Behavior\ReadHtmlCacheBehavior [ RunTime:0.001102s ]
INFO: [ app_begin ] --END-- [ RunTime:0.001154s ]
SQL: SHOW COLUMNS FROM `wz` [ RunTime:0.0041s ]
SQL: DELETE FROM `wz` WHERE `id` = 8918 [ RunTime:0.0636s ]
INFO: [ app_end ] --START--
INFO: Run Behavior\ShowPageTraceBehavior [ RunTime:0.001645s ]
INFO: [ app_end ] --END-- [ RunTime:0.001694s ]

[ 2017-07-28T16:53:11+08:00 ] ::1 /bbs/index.php/Admin/BW/w.html
INFO: [ app_init ] --START--
INFO: Run Behavior\BuildLiteBehavior [ RunTime:0.000015s ]
INFO: [ app_init ] --END-- [ RunTime:0.000878s ]

[ 2017-07-28T16:53:13+08:00 ] ::1 /bbs/index.php/Admin/BW/w.html
INFO: [ app_init ] --START--
INFO: Run Behavior\BuildLiteBehavior [ RunTime:0.000011s ]
INFO: [ app_init ] --END-- [ RunTime:0.000617s ]

[ 2017-07-28T16:53:21+08:00 ] ::1 /bbs/index.php/Admin/Admin/admin.html
INFO: [ app_init ] --START--
INFO: Run Behavior\BuildLiteBehavior [ RunTime:0.000012s ]
INFO: [ app_init ] --END-- [ RunTime:0.000618s ]

[ 2017-07-28T16:53:23+08:00 ] ::1 /bbs/index.php/Admin/Admin/ud.html
INFO: [ app_init ] --START--
INFO: Run Behavior\BuildLiteBehavior [ RunTime:0.000012s ]
INFO: [ app_init ] --END-- [ RunTime:0.000610s ]

[ 2017-07-28T16:53:24+08:00 ] ::1 /bbs/index.php/Admin/LY/y.html
INFO: [ app_init ] --START--
INFO: Run Behavior\BuildLiteBehavior [ RunTime:0.000012s ]
INFO: [ app_init ] --END-- [ RunTime:0.000577s ]

[ 2017-07-28T16:53:32+08:00 ] ::1 /bbs/index.php/Admin/BW/w.html
INFO: [ app_init ] --START--
INFO: Run Behavior\BuildLiteBehavior [ RunTime:0.000015s ]
INFO: [ app_init ] --END-- [ RunTime:0.001063s ]

[ 2017-07-28T16:53:33+08:00 ] ::1 /bbs/index.php/Admin/LY/y.html
INFO: [ app_init ] --START--
INFO: Run Behavior\BuildLiteBehavior [ RunTime:0.000013s ]
INFO: [ app_init ] --END-- [ RunTime:0.000651s ]

[ 2017-07-28T16:53:39+08:00 ] ::1 /bbs/index.php/Admin/BW/w.html
INFO: [ app_init ] --START--
INFO: Run Behavior\BuildLiteBehavior [ RunTime:0.000013s ]
INFO: [ app_init ] --END-- [ RunTime:0.000701s ]

[ 2017-07-28T16:53:40+08:00 ] ::1 /bbs/index.php/Admin/LY/y.html
INFO: [ app_init ] --START--
INFO: Run Behavior\BuildLiteBehavior [ RunTime:0.000013s ]
INFO: [ app_init ] --END-- [ RunTime:0.000689s ]

[ 2017-07-28T16:53:41+08:00 ] ::1 /bbs/index.php/Admin/BW/w.html
INFO: [ app_init ] --START--
INFO: Run Behavior\BuildLiteBehavior [ RunTime:0.000013s ]
INFO: [ app_init ] --END-- [ RunTime:0.000564s ]

[ 2017-07-28T16:56:50+08:00 ] ::1 /bbs/index.php/Admin/LY/y.html
INFO: [ app_init ] --START--
INFO: Run Behavior\BuildLiteBehavior [ RunTime:0.000035s ]
INFO: [ app_init ] --END-- [ RunTime:0.002012s ]

[ 2017-07-28T16:56:57+08:00 ] ::1 /bbs/index.php/Admin/LY/dodelely.html
INFO: [ app_init ] --START--
INFO: Run Behavior\BuildLiteBehavior [ RunTime:0.000012s ]
INFO: [ app_init ] --END-- [ RunTime:0.000628s ]
INFO: [ app_begin ] --START--
INFO: Run Behavior\ReadHtmlCacheBehavior [ RunTime:0.001061s ]
INFO: [ app_begin ] --END-- [ RunTime:0.001108s ]
SQL: SHOW COLUMNS FROM `ly` [ RunTime:0.0030s ]
INFO: [ app_end ] --START--
INFO: Run Behavior\ShowPageTraceBehavior [ RunTime:0.001266s ]
INFO: [ app_end ] --END-- [ RunTime:0.001317s ]

[ 2017-07-28T16:56:57+08:00 ] ::1 /bbs/index.php/Admin/LY/y.html
INFO: [ app_init ] --START--
INFO: Run Behavior\BuildLiteBehavior [ RunTime:0.000012s ]
INFO: [ app_init ] --END-- [ RunTime:0.000612s ]

[ 2017-07-28T16:57:00+08:00 ] ::1 /bbs/index.php/Admin/LY/y.html
INFO: [ app_init ] --START--
INFO: Run Behavior\BuildLiteBehavior [ RunTime:0.000018s ]
INFO: [ app_init ] --END-- [ RunTime:0.000927s ]

[ 2017-07-28T16:57:01+08:00 ] ::1 /bbs/index.php/Admin/LY/y.html
INFO: [ app_init ] --START--
INFO: Run Behavior\BuildLiteBehavior [ RunTime:0.000013s ]
INFO: [ app_init ] --END-- [ RunTime:0.000936s ]

[ 2017-07-28T16:57:01+08:00 ] ::1 /bbs/index.php/Admin/LY/y.html
INFO: [ app_init ] --START--
INFO: Run Behavior\BuildLiteBehavior [ RunTime:0.000011s ]
INFO: [ app_init ] --END-- [ RunTime:0.000563s ]

[ 2017-07-28T16:57:02+08:00 ] ::1 /bbs/index.php/Admin/LY/dodelely.html
INFO: [ app_init ] --START--
INFO: Run Behavior\BuildLiteBehavior [ RunTime:0.000015s ]
INFO: [ app_init ] --END-- [ RunTime:0.000979s ]
INFO: [ app_begin ] --START--
INFO: Run Behavior\ReadHtmlCacheBehavior [ RunTime:0.001554s ]
INFO: [ app_begin ] --END-- [ RunTime:0.001607s ]
SQL: SHOW COLUMNS FROM `ly` [ RunTime:0.0048s ]
INFO: [ app_end ] --START--
INFO: Run Behavior\ShowPageTraceBehavior [ RunTime:0.001600s ]
INFO: [ app_end ] --END-- [ RunTime:0.001656s ]

[ 2017-07-28T16:57:02+08:00 ] ::1 /bbs/index.php/Admin/LY/y.html
INFO: [ app_init ] --START--
INFO: Run Behavior\BuildLiteBehavior [ RunTime:0.000017s ]
INFO: [ app_init ] --END-- [ RunTime:0.000846s ]

[ 2017-07-28T16:57:04+08:00 ] ::1 /bbs/index.php/Admin/LY/y.html
INFO: [ app_init ] --START--
INFO: Run Behavior\BuildLiteBehavior [ RunTime:0.000012s ]
INFO: [ app_init ] --END-- [ RunTime:0.000793s ]

[ 2017-07-28T16:57:26+08:00 ] ::1 /bbs/index.php/Admin/LY/y.html
INFO: [ app_init ] --START--
INFO: Run Behavior\BuildLiteBehavior [ RunTime:0.000013s ]
INFO: [ app_init ] --END-- [ RunTime:0.000831s ]

[ 2017-07-28T16:57:27+08:00 ] ::1 /bbs/index.php/Admin/LY/dodelely.html
INFO: [ app_init ] --START--
INFO: Run Behavior\BuildLiteBehavior [ RunTime:0.000017s ]
INFO: [ app_init ] --END-- [ RunTime:0.000860s ]
INFO: [ app_begin ] --START--
INFO: Run Behavior\ReadHtmlCacheBehavior [ RunTime:0.001003s ]
INFO: [ app_begin ] --END-- [ RunTime:0.001044s ]
SQL: SHOW COLUMNS FROM `ly` [ RunTime:0.0031s ]
SQL: DELETE FROM `ly` WHERE `id` = 51 [ RunTime:0.1369s ]
INFO: [ app_end ] --START--
INFO: Run Behavior\ShowPageTraceBehavior [ RunTime:0.001326s ]
INFO: [ app_end ] --END-- [ RunTime:0.001395s ]

[ 2017-07-28T16:57:27+08:00 ] ::1 /bbs/index.php/Admin/LY/y.html
INFO: [ app_init ] --START--
INFO: Run Behavior\BuildLiteBehavior [ RunTime:0.000011s ]
INFO: [ app_init ] --END-- [ RunTime:0.000786s ]

[ 2017-07-28T16:57:29+08:00 ] ::1 /bbs/index.php/Admin/LY/dodelely.html
INFO: [ app_init ] --START--
INFO: Run Behavior\BuildLiteBehavior [ RunTime:0.000012s ]
INFO: [ app_init ] --END-- [ RunTime:0.000799s ]
INFO: [ app_begin ] --START--
INFO: Run Behavior\ReadHtmlCacheBehavior [ RunTime:0.000970s ]
INFO: [ app_begin ] --END-- [ RunTime:0.001006s ]
SQL: SHOW COLUMNS FROM `ly` [ RunTime:0.0028s ]
SQL: DELETE FROM `ly` WHERE `id` = 70 [ RunTime:0.0750s ]
INFO: [ app_end ] --START--
INFO: Run Behavior\ShowPageTraceBehavior [ RunTime:0.001231s ]
INFO: [ app_end ] --END-- [ RunTime:0.001266s ]

[ 2017-07-28T16:57:29+08:00 ] ::1 /bbs/index.php/Admin/LY/y.html
INFO: [ app_init ] --START--
INFO: Run Behavior\BuildLiteBehavior [ RunTime:0.000022s ]
INFO: [ app_init ] --END-- [ RunTime:0.001641s ]

[ 2017-07-28T16:57:30+08:00 ] ::1 /bbs/index.php/Admin/LY/dodelely.html
INFO: [ app_init ] --START--
INFO: Run Behavior\BuildLiteBehavior [ RunTime:0.000013s ]
INFO: [ app_init ] --END-- [ RunTime:0.000806s ]
INFO: [ app_begin ] --START--
INFO: Run Behavior\ReadHtmlCacheBehavior [ RunTime:0.000997s ]
INFO: [ app_begin ] --END-- [ RunTime:0.001041s ]
SQL: SHOW COLUMNS FROM `ly` [ RunTime:0.0035s ]
SQL: DELETE FROM `ly` WHERE `id` = 69 [ RunTime:0.1033s ]
INFO: [ app_end ] --START--
INFO: Run Behavior\ShowPageTraceBehavior [ RunTime:0.001170s ]
INFO: [ app_end ] --END-- [ RunTime:0.001204s ]

[ 2017-07-28T16:57:30+08:00 ] ::1 /bbs/index.php/Admin/LY/y.html
INFO: [ app_init ] --START--
INFO: Run Behavior\BuildLiteBehavior [ RunTime:0.000012s ]
INFO: [ app_init ] --END-- [ RunTime:0.000714s ]

[ 2017-07-28T16:57:31+08:00 ] ::1 /bbs/index.php/Admin/LY/dodelely.html
INFO: [ app_init ] --START--
INFO: Run Behavior\BuildLiteBehavior [ RunTime:0.000011s ]
INFO: [ app_init ] --END-- [ RunTime:0.000781s ]
INFO: [ app_begin ] --START--
INFO: Run Behavior\ReadHtmlCacheBehavior [ RunTime:0.000971s ]
INFO: [ app_begin ] --END-- [ RunTime:0.001012s ]
SQL: SHOW COLUMNS FROM `ly` [ RunTime:0.0036s ]
SQL: DELETE FROM `ly` WHERE `id` = 68 [ RunTime:0.1245s ]
INFO: [ app_end ] --START--
INFO: Run Behavior\ShowPageTraceBehavior [ RunTime:0.001225s ]
INFO: [ app_end ] --END-- [ RunTime:0.001269s ]

[ 2017-07-28T16:57:31+08:00 ] ::1 /bbs/index.php/Admin/LY/y.html
INFO: [ app_init ] --START--
INFO: Run Behavior\BuildLiteBehavior [ RunTime:0.000012s ]
INFO: [ app_init ] --END-- [ RunTime:0.000807s ]

[ 2017-07-28T16:57:31+08:00 ] ::1 /bbs/index.php/Admin/LY/dodelely.html
INFO: [ app_init ] --START--
INFO: Run Behavior\BuildLiteBehavior [ RunTime:0.000013s ]
INFO: [ app_init ] --END-- [ RunTime:0.000752s ]
INFO: [ app_begin ] --START--
INFO: Run Behavior\ReadHtmlCacheBehavior [ RunTime:0.001009s ]
INFO: [ app_begin ] --END-- [ RunTime:0.001048s ]
SQL: SHOW COLUMNS FROM `ly` [ RunTime:0.0028s ]
SQL: DELETE FROM `ly` WHERE `id` = 67 [ RunTime:0.0639s ]
INFO: [ app_end ] --START--
INFO: Run Behavior\ShowPageTraceBehavior [ RunTime:0.001194s ]
INFO: [ app_end ] --END-- [ RunTime:0.001230s ]

[ 2017-07-28T16:57:31+08:00 ] ::1 /bbs/index.php/Admin/LY/y.html
INFO: [ app_init ] --START--
INFO: Run Behavior\BuildLiteBehavior [ RunTime:0.000012s ]
INFO: [ app_init ] --END-- [ RunTime:0.000741s ]

[ 2017-07-28T16:57:32+08:00 ] ::1 /bbs/index.php/Admin/LY/dodelely.html
INFO: [ app_init ] --START--
INFO: Run Behavior\BuildLiteBehavior [ RunTime:0.000011s ]
INFO: [ app_init ] --END-- [ RunTime:0.000633s ]
INFO: [ app_begin ] --START--
INFO: Run Behavior\ReadHtmlCacheBehavior [ RunTime:0.001073s ]
INFO: [ app_begin ] --END-- [ RunTime:0.001113s ]
SQL: SHOW COLUMNS FROM `ly` [ RunTime:0.0033s ]
SQL: DELETE FROM `ly` WHERE `id` = 66 [ RunTime:0.0694s ]
INFO: [ app_end ] --START--
INFO: Run Behavior\ShowPageTraceBehavior [ RunTime:0.001249s ]
INFO: [ app_end ] --END-- [ RunTime:0.001284s ]

[ 2017-07-28T16:57:32+08:00 ] ::1 /bbs/index.php/Admin/LY/y.html
INFO: [ app_init ] --START--
INFO: Run Behavior\BuildLiteBehavior [ RunTime:0.000015s ]
INFO: [ app_init ] --END-- [ RunTime:0.000912s ]

[ 2017-07-28T16:57:32+08:00 ] ::1 /bbs/index.php/Admin/LY/dodelely.html
INFO: [ app_init ] --START--
INFO: Run Behavior\BuildLiteBehavior [ RunTime:0.000012s ]
INFO: [ app_init ] --END-- [ RunTime:0.000609s ]
INFO: [ app_begin ] --START--
INFO: Run Behavior\ReadHtmlCacheBehavior [ RunTime:0.000977s ]
INFO: [ app_begin ] --END-- [ RunTime:0.001021s ]
SQL: SHOW COLUMNS FROM `ly` [ RunTime:0.0030s ]
SQL: DELETE FROM `ly` WHERE `id` = 65 [ RunTime:0.1903s ]
INFO: [ app_end ] --START--
INFO: Run Behavior\ShowPageTraceBehavior [ RunTime:0.001232s ]
INFO: [ app_end ] --END-- [ RunTime:0.001267s ]

[ 2017-07-28T16:57:32+08:00 ] ::1 /bbs/index.php/Admin/LY/y.html
INFO: [ app_init ] --START--
INFO: Run Behavior\BuildLiteBehavior [ RunTime:0.000012s ]
INFO: [ app_init ] --END-- [ RunTime:0.000672s ]

[ 2017-07-28T16:57:33+08:00 ] ::1 /bbs/index.php/Admin/LY/dodelely.html
INFO: [ app_init ] --START--
INFO: Run Behavior\BuildLiteBehavior [ RunTime:0.000012s ]
INFO: [ app_init ] --END-- [ RunTime:0.000637s ]
INFO: [ app_begin ] --START--
INFO: Run Behavior\ReadHtmlCacheBehavior [ RunTime:0.001440s ]
INFO: [ app_begin ] --END-- [ RunTime:0.001512s ]
SQL: SHOW COLUMNS FROM `ly` [ RunTime:0.0028s ]
SQL: DELETE FROM `ly` WHERE `id` = 64 [ RunTime:0.1400s ]
INFO: [ app_end ] --START--
INFO: Run Behavior\ShowPageTraceBehavior [ RunTime:0.003567s ]
INFO: [ app_end ] --END-- [ RunTime:0.003680s ]

[ 2017-07-28T16:57:33+08:00 ] ::1 /bbs/index.php/Admin/LY/y.html
INFO: [ app_init ] --START--
INFO: Run Behavior\BuildLiteBehavior [ RunTime:0.000018s ]
INFO: [ app_init ] --END-- [ RunTime:0.000831s ]

[ 2017-07-28T16:57:34+08:00 ] ::1 /bbs/index.php/Admin/LY/dodelely.html
INFO: [ app_init ] --START--
INFO: Run Behavior\BuildLiteBehavior [ RunTime:0.000012s ]
INFO: [ app_init ] --END-- [ RunTime:0.000637s ]
INFO: [ app_begin ] --START--
INFO: Run Behavior\ReadHtmlCacheBehavior [ RunTime:0.001505s ]
INFO: [ app_begin ] --END-- [ RunTime:0.001562s ]
SQL: SHOW COLUMNS FROM `ly` [ RunTime:0.0047s ]
SQL: DELETE FROM `ly` WHERE `id` = 63 [ RunTime:0.2507s ]
INFO: [ app_end ] --START--
INFO: Run Behavior\ShowPageTraceBehavior [ RunTime:0.001186s ]
INFO: [ app_end ] --END-- [ RunTime:0.001221s ]

[ 2017-07-28T16:57:35+08:00 ] ::1 /bbs/index.php/Admin/LY/y.html
INFO: [ app_init ] --START--
INFO: Run Behavior\BuildLiteBehavior [ RunTime:0.000011s ]
INFO: [ app_init ] --END-- [ RunTime:0.000702s ]

[ 2017-07-28T16:57:35+08:00 ] ::1 /bbs/index.php/Admin/LY/dodelely.html
INFO: [ app_init ] --START--
INFO: Run Behavior\BuildLiteBehavior [ RunTime:0.000015s ]
INFO: [ app_init ] --END-- [ RunTime:0.001881s ]
INFO: [ app_begin ] --START--
INFO: Run Behavior\ReadHtmlCacheBehavior [ RunTime:0.001077s ]
INFO: [ app_begin ] --END-- [ RunTime:0.001123s ]
SQL: SHOW COLUMNS FROM `ly` [ RunTime:0.0050s ]
SQL: DELETE FROM `ly` WHERE `id` = 62 [ RunTime:0.0714s ]
INFO: [ app_end ] --START--
INFO: Run Behavior\ShowPageTraceBehavior [ RunTime:0.001223s ]
INFO: [ app_end ] --END-- [ RunTime:0.001262s ]

[ 2017-07-28T16:57:35+08:00 ] ::1 /bbs/index.php/Admin/LY/y.html
INFO: [ app_init ] --START--
INFO: Run Behavior\BuildLiteBehavior [ RunTime:0.000011s ]
INFO: [ app_init ] --END-- [ RunTime:0.000624s ]

[ 2017-07-28T16:57:36+08:00 ] ::1 /bbs/index.php/Admin/LY/dodelely.html
INFO: [ app_init ] --START--
INFO: Run Behavior\BuildLiteBehavior [ RunTime:0.000011s ]
INFO: [ app_init ] --END-- [ RunTime:0.000722s ]
INFO: [ app_begin ] --START--
INFO: Run Behavior\ReadHtmlCacheBehavior [ RunTime:0.001319s ]
INFO: [ app_begin ] --END-- [ RunTime:0.001379s ]
SQL: SHOW COLUMNS FROM `ly` [ RunTime:0.0028s ]
SQL: DELETE FROM `ly` WHERE `id` = 61 [ RunTime:0.2964s ]
INFO: [ app_end ] --START--
INFO: Run Behavior\ShowPageTraceBehavior [ RunTime:0.001055s ]
INFO: [ app_end ] --END-- [ RunTime:0.001099s ]

[ 2017-07-28T16:57:36+08:00 ] ::1 /bbs/index.php/Admin/LY/y.html
INFO: [ app_init ] --START--
INFO: Run Behavior\BuildLiteBehavior [ RunTime:0.000014s ]
INFO: [ app_init ] --END-- [ RunTime:0.000569s ]

[ 2017-07-28T16:57:37+08:00 ] ::1 /bbs/index.php/Admin/LY/dodelely.html
INFO: [ app_init ] --START--
INFO: Run Behavior\BuildLiteBehavior [ RunTime:0.000011s ]
INFO: [ app_init ] --END-- [ RunTime:0.000789s ]
INFO: [ app_begin ] --START--
INFO: Run Behavior\ReadHtmlCacheBehavior [ RunTime:0.001244s ]
INFO: [ app_begin ] --END-- [ RunTime:0.001299s ]
SQL: SHOW COLUMNS FROM `ly` [ RunTime:0.0032s ]
SQL: DELETE FROM `ly` WHERE `id` = 60 [ RunTime:0.1830s ]
INFO: [ app_end ] --START--
INFO: Run Behavior\ShowPageTraceBehavior [ RunTime:0.001212s ]
INFO: [ app_end ] --END-- [ RunTime:0.001248s ]

[ 2017-07-28T16:57:37+08:00 ] ::1 /bbs/index.php/Admin/LY/y.html
INFO: [ app_init ] --START--
INFO: Run Behavior\BuildLiteBehavior [ RunTime:0.000011s ]
INFO: [ app_init ] --END-- [ RunTime:0.000786s ]

[ 2017-07-28T16:57:38+08:00 ] ::1 /bbs/index.php/Admin/LY/dodelely.html
INFO: [ app_init ] --START--
INFO: Run Behavior\BuildLiteBehavior [ RunTime:0.000012s ]
INFO: [ app_init ] --END-- [ RunTime:0.000944s ]
INFO: [ app_begin ] --START--
INFO: Run Behavior\ReadHtmlCacheBehavior [ RunTime:0.001038s ]
INFO: [ app_begin ] --END-- [ RunTime:0.001083s ]
SQL: SHOW COLUMNS FROM `ly` [ RunTime:0.0168s ]
SQL: DELETE FROM `ly` WHERE `id` = 59 [ RunTime:0.0531s ]
INFO: [ app_end ] --START--
INFO: Run Behavior\ShowPageTraceBehavior [ RunTime:0.001299s ]
INFO: [ app_end ] --END-- [ RunTime:0.001337s ]

[ 2017-07-28T16:57:38+08:00 ] ::1 /bbs/index.php/Admin/LY/y.html
INFO: [ app_init ] --START--
INFO: Run Behavior\BuildLiteBehavior [ RunTime:0.000015s ]
INFO: [ app_init ] --END-- [ RunTime:0.000932s ]

[ 2017-07-28T16:57:39+08:00 ] ::1 /bbs/index.php/Admin/LY/dodelely.html
INFO: [ app_init ] --START--
INFO: Run Behavior\BuildLiteBehavior [ RunTime:0.000012s ]
INFO: [ app_init ] --END-- [ RunTime:0.000796s ]
INFO: [ app_begin ] --START--
INFO: Run Behavior\ReadHtmlCacheBehavior [ RunTime:0.000997s ]
INFO: [ app_begin ] --END-- [ RunTime:0.001035s ]
SQL: SHOW COLUMNS FROM `ly` [ RunTime:0.0030s ]
SQL: DELETE FROM `ly` WHERE `id` = 58 [ RunTime:0.0550s ]
INFO: [ app_end ] --START--
INFO: Run Behavior\ShowPageTraceBehavior [ RunTime:0.002471s ]
INFO: [ app_end ] --END-- [ RunTime:0.002543s ]

[ 2017-07-28T16:57:39+08:00 ] ::1 /bbs/index.php/Admin/LY/y.html
INFO: [ app_init ] --START--
INFO: Run Behavior\BuildLiteBehavior [ RunTime:0.000013s ]
INFO: [ app_init ] --END-- [ RunTime:0.000936s ]

[ 2017-07-28T16:57:40+08:00 ] ::1 /bbs/index.php/Admin/LY/dodelely.html
INFO: [ app_init ] --START--
INFO: Run Behavior\BuildLiteBehavior [ RunTime:0.000017s ]
INFO: [ app_init ] --END-- [ RunTime:0.000912s ]
INFO: [ app_begin ] --START--
INFO: Run Behavior\ReadHtmlCacheBehavior [ RunTime:0.001066s ]
INFO: [ app_begin ] --END-- [ RunTime:0.001106s ]
SQL: SHOW COLUMNS FROM `ly` [ RunTime:0.0044s ]
SQL: DELETE FROM `ly` WHERE `id` = 57 [ RunTime:0.1309s ]
INFO: [ app_end ] --START--
INFO: Run Behavior\ShowPageTraceBehavior [ RunTime:0.003760s ]
INFO: [ app_end ] --END-- [ RunTime:0.003915s ]

[ 2017-07-28T16:57:40+08:00 ] ::1 /bbs/index.php/Admin/LY/y.html
INFO: [ app_init ] --START--
INFO: Run Behavior\BuildLiteBehavior [ RunTime:0.000024s ]
INFO: [ app_init ] --END-- [ RunTime:0.001544s ]

[ 2017-07-28T16:57:40+08:00 ] ::1 /bbs/index.php/Admin/LY/dodelely.html
INFO: [ app_init ] --START--
INFO: Run Behavior\BuildLiteBehavior [ RunTime:0.000012s ]
INFO: [ app_init ] --END-- [ RunTime:0.000809s ]
INFO: [ app_begin ] --START--
INFO: Run Behavior\ReadHtmlCacheBehavior [ RunTime:0.001020s ]
INFO: [ app_begin ] --END-- [ RunTime:0.001062s ]
SQL: SHOW COLUMNS FROM `ly` [ RunTime:0.0029s ]
SQL: DELETE FROM `ly` WHERE `id` = 56 [ RunTime:0.0877s ]
INFO: [ app_end ] --START--
INFO: Run Behavior\ShowPageTraceBehavior [ RunTime:0.001209s ]
INFO: [ app_end ] --END-- [ RunTime:0.001244s ]

[ 2017-07-28T16:57:40+08:00 ] ::1 /bbs/index.php/Admin/LY/y.html
INFO: [ app_init ] --START--
INFO: Run Behavior\BuildLiteBehavior [ RunTime:0.000011s ]
INFO: [ app_init ] --END-- [ RunTime:0.000794s ]

[ 2017-07-28T16:57:41+08:00 ] ::1 /bbs/index.php/Admin/LY/dodelely.html
INFO: [ app_init ] --START--
INFO: Run Behavior\BuildLiteBehavior [ RunTime:0.000031s ]
INFO: [ app_init ] --END-- [ RunTime:0.000805s ]
INFO: [ app_begin ] --START--
INFO: Run Behavior\ReadHtmlCacheBehavior [ RunTime:0.001378s ]
INFO: [ app_begin ] --END-- [ RunTime:0.001445s ]
SQL: SHOW COLUMNS FROM `ly` [ RunTime:0.0033s ]
SQL: DELETE FROM `ly` WHERE `id` = 55 [ RunTime:0.0577s ]
INFO: [ app_end ] --START--
INFO: Run Behavior\ShowPageTraceBehavior [ RunTime:0.001397s ]
INFO: [ app_end ] --END-- [ RunTime:0.001437s ]

[ 2017-07-28T16:57:41+08:00 ] ::1 /bbs/index.php/Admin/LY/y.html
INFO: [ app_init ] --START--
INFO: Run Behavior\BuildLiteBehavior [ RunTime:0.000012s ]
INFO: [ app_init ] --END-- [ RunTime:0.000658s ]

[ 2017-07-28T16:57:41+08:00 ] ::1 /bbs/index.php/Admin/LY/dodelely.html
INFO: [ app_init ] --START--
INFO: Run Behavior\BuildLiteBehavior [ RunTime:0.000011s ]
INFO: [ app_init ] --END-- [ RunTime:0.000645s ]
INFO: [ app_begin ] --START--
INFO: Run Behavior\ReadHtmlCacheBehavior [ RunTime:0.001060s ]
INFO: [ app_begin ] --END-- [ RunTime:0.001105s ]
SQL: SHOW COLUMNS FROM `ly` [ RunTime:0.0028s ]
SQL: DELETE FROM `ly` WHERE `id` = 54 [ RunTime:0.0981s ]
INFO: [ app_end ] --START--
INFO: Run Behavior\ShowPageTraceBehavior [ RunTime:0.001222s ]
INFO: [ app_end ] --END-- [ RunTime:0.001257s ]

[ 2017-07-28T16:57:42+08:00 ] ::1 /bbs/index.php/Admin/LY/y.html
INFO: [ app_init ] --START--
INFO: Run Behavior\BuildLiteBehavior [ RunTime:0.000011s ]
INFO: [ app_init ] --END-- [ RunTime:0.000615s ]

[ 2017-07-28T16:57:42+08:00 ] ::1 /bbs/index.php/Admin/LY/dodelely.html
INFO: [ app_init ] --START--
INFO: Run Behavior\BuildLiteBehavior [ RunTime:0.000010s ]
INFO: [ app_init ] --END-- [ RunTime:0.000632s ]
INFO: [ app_begin ] --START--
INFO: Run Behavior\ReadHtmlCacheBehavior [ RunTime:0.001624s ]
INFO: [ app_begin ] --END-- [ RunTime:0.001712s ]
SQL: SHOW COLUMNS FROM `ly` [ RunTime:0.0043s ]
SQL: DELETE FROM `ly` WHERE `id` = 53 [ RunTime:0.0563s ]
INFO: [ app_end ] --START--
INFO: Run Behavior\ShowPageTraceBehavior [ RunTime:0.001208s ]
INFO: [ app_end ] --END-- [ RunTime:0.001243s ]

[ 2017-07-28T16:57:42+08:00 ] ::1 /bbs/index.php/Admin/LY/y.html
INFO: [ app_init ] --START--
INFO: Run Behavior\BuildLiteBehavior [ RunTime:0.000011s ]
INFO: [ app_init ] --END-- [ RunTime:0.000750s ]

[ 2017-07-28T16:57:44+08:00 ] ::1 /bbs/index.php/Admin/LY/dodelely.html
INFO: [ app_init ] --START--
INFO: Run Behavior\BuildLiteBehavior [ RunTime:0.000012s ]
INFO: [ app_init ] --END-- [ RunTime:0.000623s ]
INFO: [ app_begin ] --START--
INFO: Run Behavior\ReadHtmlCacheBehavior [ RunTime:0.001147s ]
INFO: [ app_begin ] --END-- [ RunTime:0.001210s ]
SQL: SHOW COLUMNS FROM `ly` [ RunTime:0.0029s ]
SQL: DELETE FROM `ly` WHERE `id` = 52 [ RunTime:0.1373s ]
INFO: [ app_end ] --START--
INFO: Run Behavior\ShowPageTraceBehavior [ RunTime:0.001260s ]
INFO: [ app_end ] --END-- [ RunTime:0.001297s ]

[ 2017-07-28T16:57:44+08:00 ] ::1 /bbs/index.php/Admin/LY/y.html
INFO: [ app_init ] --START--
INFO: Run Behavior\BuildLiteBehavior [ RunTime:0.000012s ]
INFO: [ app_init ] --END-- [ RunTime:0.000643s ]

[ 2017-07-28T16:57:46+08:00 ] ::1 /bbs/index.php/Admin/LY/y.html
INFO: [ app_init ] --START--
INFO: Run Behavior\BuildLiteBehavior [ RunTime:0.000012s ]
INFO: [ app_init ] --END-- [ RunTime:0.000630s ]

[ 2017-07-28T16:57:46+08:00 ] ::1 /bbs/index.php/Admin/LY/y.html
INFO: [ app_init ] --START--
INFO: Run Behavior\BuildLiteBehavior [ RunTime:0.000012s ]
INFO: [ app_init ] --END-- [ RunTime:0.000702s ]

[ 2017-07-28T17:22:39+08:00 ] ::1 /bbs/index.php/Admin/LY/y.html
INFO: [ app_init ] --START--
INFO: Run Behavior\BuildLiteBehavior [ RunTime:0.000012s ]
INFO: [ app_init ] --END-- [ RunTime:0.000907s ]

[ 2017-07-28T17:22:42+08:00 ] ::1 /bbs/index.php/Admin/Log/esc.html
INFO: [ app_init ] --START--
INFO: Run Behavior\BuildLiteBehavior [ RunTime:0.000013s ]
INFO: [ app_init ] --END-- [ RunTime:0.000779s ]

[ 2017-07-28T17:22:45+08:00 ] ::1 /bbs/index.php/Admin/Log/log.html
INFO: [ app_init ] --START--
INFO: Run Behavior\BuildLiteBehavior [ RunTime:0.000017s ]
INFO: [ app_init ] --END-- [ RunTime:0.001284s ]

[ 2017-07-28T17:22:53+08:00 ] ::1 /bbs/index.php/Admin/Admin/a.html
INFO: [ app_init ] --START--
INFO: Run Behavior\BuildLiteBehavior [ RunTime:0.000012s ]
INFO: [ app_init ] --END-- [ RunTime:0.000977s ]

