[ 2017-07-19T15:32:54+08:00 ] ::1 /bbs/index.php/Admin
ERR: 无法加载控制器:Index

[ 2017-07-19T15:34:19+08:00 ] ::1 /bbs/index.php/Admin/Admin
ERR: 非法操作:index

[ 2017-07-19T15:37:17+08:00 ] ::1 /bbs/index.php/Admin/log/g
ERR: 无法加载控制器:Log

[ 2017-07-19T15:37:22+08:00 ] ::1 /bbs/index.php/Admin/log/g
ERR: 无法加载控制器:Log

[ 2017-07-19T15:37:24+08:00 ] ::1 /bbs/index.php/Admin/log/g
ERR: 无法加载控制器:Log

[ 2017-07-19T15:37:25+08:00 ] ::1 /bbs/index.php/Admin/log/g
ERR: 无法加载控制器:Log

[ 2017-07-19T15:37:25+08:00 ] ::1 /bbs/index.php/Admin/log/g
ERR: 无法加载控制器:Log

[ 2017-07-19T15:37:25+08:00 ] ::1 /bbs/index.php/Admin/log/g
ERR: 无法加载控制器:Log

[ 2017-07-19T15:37:26+08:00 ] ::1 /bbs/index.php/Admin/log/g
ERR: 无法加载控制器:Log

[ 2017-07-19T15:37:26+08:00 ] ::1 /bbs/index.php/Admin/log/g
ERR: 无法加载控制器:Log

[ 2017-07-19T15:37:26+08:00 ] ::1 /bbs/index.php/Admin/log/g
ERR: 无法加载控制器:Log

[ 2017-07-19T15:37:31+08:00 ] ::1 /bbs/index.php/Admin/Log/g
ERR: 无法加载控制器:Log

[ 2017-07-19T15:37:52+08:00 ] ::1 /bbs/index.php/Admin/Log/g
ERR: 无法加载控制器:Log

[ 2017-07-19T15:37:53+08:00 ] ::1 /bbs/index.php/Admin/Log/g
ERR: 无法加载控制器:Log

[ 2017-07-19T15:38:12+08:00 ] ::1 /bbs/index.php/Admin/Log/g
ERR: 无法加载控制器:Log

[ 2017-07-19T15:38:13+08:00 ] ::1 /bbs/index.php/Admin/Log/g
ERR: 无法加载控制器:Log

[ 2017-07-19T15:38:13+08:00 ] ::1 /bbs/index.php/Admin/Log/g
ERR: 无法加载控制器:Log

[ 2017-07-19T15:38:13+08:00 ] ::1 /bbs/index.php/Admin/Log/g
ERR: 无法加载控制器:Log

[ 2017-07-19T15:38:13+08:00 ] ::1 /bbs/index.php/Admin/Log/g
ERR: 无法加载控制器:Log

[ 2017-07-19T15:38:14+08:00 ] ::1 /bbs/index.php/Admin/Log/g
ERR: 无法加载控制器:Log

[ 2017-07-19T15:38:51+08:00 ] ::1 /bbs/index.php/Admin/Log/g
ERR: 无法加载控制器:Log

[ 2017-07-19T15:38:52+08:00 ] ::1 /bbs/index.php/Admin/Log/g
ERR: 无法加载控制器:Log

[ 2017-07-19T15:38:52+08:00 ] ::1 /bbs/index.php/Admin/Log/g
ERR: 无法加载控制器:Log

[ 2017-07-19T15:38:52+08:00 ] ::1 /bbs/index.php/Admin/Log/g
ERR: 无法加载控制器:Log

[ 2017-07-19T15:39:01+08:00 ] ::1 /bbs/index.php/Admin/Log/g
ERR: 无法加载控制器:Log

[ 2017-07-19T15:39:01+08:00 ] ::1 /bbs/index.php/Admin/Log/g
ERR: 无法加载控制器:Log

[ 2017-07-19T15:39:01+08:00 ] ::1 /bbs/index.php/Admin/Log/g
ERR: 无法加载控制器:Log

[ 2017-07-19T15:41:12+08:00 ] ::1 /bbs/index.php/Admin/Log/g
ERR: 模板不存在:./Application/Admin/View/./Application/Admin/View/Admin/Log/log.html.html

[ 2017-07-19T15:41:13+08:00 ] ::1 /bbs/index.php/Admin/Log/g
ERR: 模板不存在:./Application/Admin/View/./Application/Admin/View/Admin/Log/log.html.html

[ 2017-07-19T15:41:13+08:00 ] ::1 /bbs/index.php/Admin/Log/g
ERR: 模板不存在:./Application/Admin/View/./Application/Admin/View/Admin/Log/log.html.html

[ 2017-07-19T15:41:13+08:00 ] ::1 /bbs/index.php/Admin/Log/g
ERR: 模板不存在:./Application/Admin/View/./Application/Admin/View/Admin/Log/log.html.html

[ 2017-07-19T16:46:36+08:00 ] ::1 /bbs/index.php/admin/admin/a.html
ERR: 1241:Operand should contain 1 column(s)
 [ SQL语句 ] : SELECT * FROM `us` WHERE ( per_user='admin',per_password='123456' ) 

[ 2017-07-19T16:47:53+08:00 ] ::1 /bbs/index.php/admin/admin/a.html
INFO: [ app_init ] --START--
INFO: Run Behavior\BuildLiteBehavior [ RunTime:0.000013s ]
INFO: [ app_init ] --END-- [ RunTime:0.000841s ]
ERR: 1241:Operand should contain 1 column(s)
 [ SQL语句 ] : SELECT * FROM `us` WHERE ( per_user='admin',per_password='123456' ) 

[ 2017-07-19T16:48:26+08:00 ] ::1 /bbs/index.php/admin/admin/a.html
INFO: [ app_init ] --START--
INFO: Run Behavior\BuildLiteBehavior [ RunTime:0.000011s ]
INFO: [ app_init ] --END-- [ RunTime:0.000598s ]
ERR: 1241:Operand should contain 1 column(s)
 [ SQL语句 ] : SELECT * FROM `us` WHERE ( per_user='admin',per_password='123456' ) 

[ 2017-07-19T16:49:26+08:00 ] ::1 /bbs/index.php/admin/admin/a.html
INFO: [ app_init ] --START--
INFO: Run Behavior\BuildLiteBehavior [ RunTime:0.000010s ]
INFO: [ app_init ] --END-- [ RunTime:0.000604s ]

[ 2017-07-19T16:50:44+08:00 ] ::1 /bbs/index.php/admin/admin/a.html
INFO: [ app_init ] --START--
INFO: Run Behavior\BuildLiteBehavior [ RunTime:0.000012s ]
INFO: [ app_init ] --END-- [ RunTime:0.000717s ]

[ 2017-07-19T16:51:25+08:00 ] ::1 /bbs/index.php/admin/admin/a.html
INFO: [ app_init ] --START--
INFO: Run Behavior\BuildLiteBehavior [ RunTime:0.000011s ]
INFO: [ app_init ] --END-- [ RunTime:0.000655s ]

[ 2017-07-19T16:51:30+08:00 ] ::1 /bbs/index.php/admin/admin/a.html
INFO: [ app_init ] --START--
INFO: Run Behavior\BuildLiteBehavior [ RunTime:0.000010s ]
INFO: [ app_init ] --END-- [ RunTime:0.000599s ]

[ 2017-07-19T16:51:36+08:00 ] ::1 /bbs/index.php/admin/admin/a.html
INFO: [ app_init ] --START--
INFO: Run Behavior\BuildLiteBehavior [ RunTime:0.000012s ]
INFO: [ app_init ] --END-- [ RunTime:0.000606s ]

[ 2017-07-19T16:52:31+08:00 ] ::1 /bbs/index.php/admin/admin/a.html
INFO: [ app_init ] --START--
INFO: Run Behavior\BuildLiteBehavior [ RunTime:0.000010s ]
INFO: [ app_init ] --END-- [ RunTime:0.000589s ]

[ 2017-07-19T16:58:07+08:00 ] ::1 /bbs/index.php/admin/admin/a.html
INFO: [ app_init ] --START--
INFO: Run Behavior\BuildLiteBehavior [ RunTime:0.000012s ]
INFO: [ app_init ] --END-- [ RunTime:0.000713s ]

[ 2017-07-19T16:58:13+08:00 ] ::1 /bbs/index.php/admin/admin/a.html
INFO: [ app_init ] --START--
INFO: Run Behavior\BuildLiteBehavior [ RunTime:0.000011s ]
INFO: [ app_init ] --END-- [ RunTime:0.000606s ]

[ 2017-07-19T16:58:30+08:00 ] ::1 /bbs/index.php/admin/admin/a.html
INFO: [ app_init ] --START--
INFO: Run Behavior\BuildLiteBehavior [ RunTime:0.000012s ]
INFO: [ app_init ] --END-- [ RunTime:0.000667s ]

[ 2017-07-19T16:59:49+08:00 ] ::1 /bbs/index.php/admin/admin/a.html
INFO: [ app_init ] --START--
INFO: Run Behavior\BuildLiteBehavior [ RunTime:0.000019s ]
INFO: [ app_init ] --END-- [ RunTime:0.001103s ]

[ 2017-07-19T16:59:59+08:00 ] ::1 /bbs/index.php/admin/admin/a.html
INFO: [ app_init ] --START--
INFO: Run Behavior\BuildLiteBehavior [ RunTime:0.000011s ]
INFO: [ app_init ] --END-- [ RunTime:0.000606s ]

[ 2017-07-19T17:00:18+08:00 ] ::1 /bbs/index.php/admin/admin/a.html
INFO: [ app_init ] --START--
INFO: Run Behavior\BuildLiteBehavior [ RunTime:0.000013s ]
INFO: [ app_init ] --END-- [ RunTime:0.000664s ]

[ 2017-07-19T17:00:29+08:00 ] ::1 /bbs/index.php/admin/admin/a.html
INFO: [ app_init ] --START--
INFO: Run Behavior\BuildLiteBehavior [ RunTime:0.000011s ]
INFO: [ app_init ] --END-- [ RunTime:0.000619s ]

[ 2017-07-19T17:00:31+08:00 ] ::1 /bbs/index.php/admin/admin/a.html
INFO: [ app_init ] --START--
INFO: Run Behavior\BuildLiteBehavior [ RunTime:0.000012s ]
INFO: [ app_init ] --END-- [ RunTime:0.000699s ]

[ 2017-07-19T17:01:01+08:00 ] ::1 /bbs/index.php/admin/admin/a.html
INFO: [ app_init ] --START--
INFO: Run Behavior\BuildLiteBehavior [ RunTime:0.000012s ]
INFO: [ app_init ] --END-- [ RunTime:0.000627s ]

[ 2017-07-19T17:01:19+08:00 ] ::1 /bbs/index.php/admin/admin/a.html
INFO: [ app_init ] --START--
INFO: Run Behavior\BuildLiteBehavior [ RunTime:0.000011s ]
INFO: [ app_init ] --END-- [ RunTime:0.000603s ]

[ 2017-07-19T17:02:24+08:00 ] ::1 /bbs/index.php/admin/admin/a.html
INFO: [ app_init ] --START--
INFO: Run Behavior\BuildLiteBehavior [ RunTime:0.000013s ]
INFO: [ app_init ] --END-- [ RunTime:0.000906s ]

