[ 2017-07-28T14:54:38+08:00 ] ::1 /bbs/index.php
INFO: [ app_init ] --START--
INFO: Run Behavior\BuildLiteBehavior [ RunTime:0.000015s ]
INFO: [ app_init ] --END-- [ RunTime:0.001179s ]

[ 2017-07-28T14:54:44+08:00 ] ::1 /bbs/index.php/Home/LY/l.html
INFO: [ app_init ] --START--
INFO: Run Behavior\BuildLiteBehavior [ RunTime:0.000012s ]
INFO: [ app_init ] --END-- [ RunTime:0.000688s ]

[ 2017-07-28T14:55:58+08:00 ] ::1 /bbs/index.php/Home/LY/l.html
INFO: [ app_init ] --START--
INFO: Run Behavior\BuildLiteBehavior [ RunTime:0.000012s ]
INFO: [ app_init ] --END-- [ RunTime:0.000611s ]

[ 2017-07-28T14:59:08+08:00 ] ::1 /bbs/index.php/Home/LY/l.html
INFO: [ app_init ] --START--
INFO: Run Behavior\BuildLiteBehavior [ RunTime:0.000012s ]
INFO: [ app_init ] --END-- [ RunTime:0.000697s ]

[ 2017-07-28T14:59:13+08:00 ] ::1 /bbs/index.php/Home/LY/l.html
INFO: [ app_init ] --START--
INFO: Run Behavior\BuildLiteBehavior [ RunTime:0.000018s ]
INFO: [ app_init ] --END-- [ RunTime:0.000693s ]

[ 2017-07-28T15:01:42+08:00 ] ::1 /bbs/index.php
INFO: [ app_init ] --START--
INFO: Run Behavior\BuildLiteBehavior [ RunTime:0.000013s ]
INFO: [ app_init ] --END-- [ RunTime:0.000786s ]

[ 2017-07-28T15:01:44+08:00 ] ::1 /bbs/index.php/Home/LY/l.html
INFO: [ app_init ] --START--
INFO: Run Behavior\BuildLiteBehavior [ RunTime:0.000012s ]
INFO: [ app_init ] --END-- [ RunTime:0.000720s ]

[ 2017-07-28T15:01:48+08:00 ] ::1 /bbs/index.php/Home/LY/tl.html
INFO: [ app_init ] --START--
INFO: Run Behavior\BuildLiteBehavior [ RunTime:0.000014s ]
INFO: [ app_init ] --END-- [ RunTime:0.000813s ]
INFO: [ app_begin ] --START--
INFO: Run Behavior\ReadHtmlCacheBehavior [ RunTime:0.002495s ]
INFO: [ app_begin ] --END-- [ RunTime:0.002753s ]
SQL: SHOW COLUMNS FROM `ly` [ RunTime:0.0061s ]
SQL: INSERT INTO `ly` (`ly_name`,`ly_time`,`ly`) VALUES ('游客_1501225307','2017-07-28 03:01:47','q') [ RunTime:0.9930s ]
INFO: [ app_end ] --START--
INFO: Run Behavior\ShowPageTraceBehavior [ RunTime:0.002465s ]
INFO: [ app_end ] --END-- [ RunTime:0.002546s ]

[ 2017-07-28T15:01:48+08:00 ] ::1 /bbs/index.php/Home/LY/l.html
INFO: [ app_init ] --START--
INFO: Run Behavior\BuildLiteBehavior [ RunTime:0.000010s ]
INFO: [ app_init ] --END-- [ RunTime:0.000660s ]

[ 2017-07-28T15:01:52+08:00 ] ::1 /bbs/index.php/Home/LY/tl.html
INFO: [ app_init ] --START--
INFO: Run Behavior\BuildLiteBehavior [ RunTime:0.000012s ]
INFO: [ app_init ] --END-- [ RunTime:0.001016s ]
INFO: [ app_begin ] --START--
INFO: Run Behavior\ReadHtmlCacheBehavior [ RunTime:0.001287s ]
INFO: [ app_begin ] --END-- [ RunTime:0.001344s ]
SQL: SHOW COLUMNS FROM `ly` [ RunTime:0.0036s ]
SQL: INSERT INTO `ly` (`ly_name`,`ly_time`,`ly`) VALUES ('游客_1501225311','2017-07-28 03:01:51','q') [ RunTime:0.5917s ]
INFO: [ app_end ] --START--
INFO: Run Behavior\ShowPageTraceBehavior [ RunTime:0.004557s ]
INFO: [ app_end ] --END-- [ RunTime:0.004685s ]

[ 2017-07-28T15:01:52+08:00 ] ::1 /bbs/index.php/Home/LY/l.html
INFO: [ app_init ] --START--
INFO: Run Behavior\BuildLiteBehavior [ RunTime:0.000011s ]
INFO: [ app_init ] --END-- [ RunTime:0.000827s ]

[ 2017-07-28T15:01:53+08:00 ] ::1 /bbs/index.php/Home/LY/tl.html
INFO: [ app_init ] --START--
INFO: Run Behavior\BuildLiteBehavior [ RunTime:0.000021s ]
INFO: [ app_init ] --END-- [ RunTime:0.001120s ]
INFO: [ app_begin ] --START--
INFO: Run Behavior\ReadHtmlCacheBehavior [ RunTime:0.001284s ]
INFO: [ app_begin ] --END-- [ RunTime:0.001402s ]
INFO: [ app_end ] --START--
INFO: Run Behavior\ShowPageTraceBehavior [ RunTime:0.001149s ]
INFO: [ app_end ] --END-- [ RunTime:0.001202s ]

[ 2017-07-28T15:01:53+08:00 ] ::1 /bbs/index.php/Home/LY/l.html
INFO: [ app_init ] --START--
INFO: Run Behavior\BuildLiteBehavior [ RunTime:0.000014s ]
INFO: [ app_init ] --END-- [ RunTime:0.000870s ]

[ 2017-07-28T15:01:54+08:00 ] ::1 /bbs/index.php/Home/LY/tl.html
INFO: [ app_init ] --START--
INFO: Run Behavior\BuildLiteBehavior [ RunTime:0.000014s ]
INFO: [ app_init ] --END-- [ RunTime:0.001231s ]
INFO: [ app_begin ] --START--
INFO: Run Behavior\ReadHtmlCacheBehavior [ RunTime:0.001232s ]
INFO: [ app_begin ] --END-- [ RunTime:0.001299s ]
SQL: SHOW COLUMNS FROM `ly` [ RunTime:0.0065s ]
SQL: INSERT INTO `ly` (`ly_name`,`ly_time`,`ly`) VALUES ('游客_1501225314','2017-07-28 03:01:54','q') [ RunTime:0.1193s ]
INFO: [ app_end ] --START--
INFO: Run Behavior\ShowPageTraceBehavior [ RunTime:0.001706s ]
INFO: [ app_end ] --END-- [ RunTime:0.001774s ]

[ 2017-07-28T15:01:54+08:00 ] ::1 /bbs/index.php/Home/LY/l.html
INFO: [ app_init ] --START--
INFO: Run Behavior\BuildLiteBehavior [ RunTime:0.000011s ]
INFO: [ app_init ] --END-- [ RunTime:0.001150s ]

[ 2017-07-28T15:01:56+08:00 ] ::1 /bbs/index.php/Home/LY/tl.html
INFO: [ app_init ] --START--
INFO: Run Behavior\BuildLiteBehavior [ RunTime:0.000014s ]
INFO: [ app_init ] --END-- [ RunTime:0.000812s ]
INFO: [ app_begin ] --START--
INFO: Run Behavior\ReadHtmlCacheBehavior [ RunTime:0.002633s ]
INFO: [ app_begin ] --END-- [ RunTime:0.002724s ]
SQL: SHOW COLUMNS FROM `ly` [ RunTime:0.0057s ]
SQL: INSERT INTO `ly` (`ly_name`,`ly_time`,`ly`) VALUES ('游客_1501225316','2017-07-28 03:01:56','q') [ RunTime:0.0848s ]
INFO: [ app_end ] --START--
INFO: Run Behavior\ShowPageTraceBehavior [ RunTime:0.001820s ]
INFO: [ app_end ] --END-- [ RunTime:0.001882s ]

[ 2017-07-28T15:01:56+08:00 ] ::1 /bbs/index.php/Home/LY/l.html
INFO: [ app_init ] --START--
INFO: Run Behavior\BuildLiteBehavior [ RunTime:0.000016s ]
INFO: [ app_init ] --END-- [ RunTime:0.001600s ]

[ 2017-07-28T15:01:57+08:00 ] ::1 /bbs/index.php/Home/LY/tl.html
INFO: [ app_init ] --START--
INFO: Run Behavior\BuildLiteBehavior [ RunTime:0.000014s ]
INFO: [ app_init ] --END-- [ RunTime:0.000754s ]
INFO: [ app_begin ] --START--
INFO: Run Behavior\ReadHtmlCacheBehavior [ RunTime:0.003063s ]
INFO: [ app_begin ] --END-- [ RunTime:0.003158s ]
SQL: SHOW COLUMNS FROM `ly` [ RunTime:0.0076s ]
SQL: INSERT INTO `ly` (`ly_name`,`ly_time`,`ly`) VALUES ('游客_1501225317','2017-07-28 03:01:57','q') [ RunTime:0.0628s ]
INFO: [ app_end ] --START--
INFO: Run Behavior\ShowPageTraceBehavior [ RunTime:0.001606s ]
INFO: [ app_end ] --END-- [ RunTime:0.001669s ]

[ 2017-07-28T15:01:58+08:00 ] ::1 /bbs/index.php/Home/LY/l.html
INFO: [ app_init ] --START--
INFO: Run Behavior\BuildLiteBehavior [ RunTime:0.000017s ]
INFO: [ app_init ] --END-- [ RunTime:0.000861s ]

[ 2017-07-28T15:01:58+08:00 ] ::1 /bbs/index.php/Home/LY/tl.html
INFO: [ app_init ] --START--
INFO: Run Behavior\BuildLiteBehavior [ RunTime:0.000011s ]
INFO: [ app_init ] --END-- [ RunTime:0.000795s ]
INFO: [ app_begin ] --START--
INFO: Run Behavior\ReadHtmlCacheBehavior [ RunTime:0.001498s ]
INFO: [ app_begin ] --END-- [ RunTime:0.001574s ]
INFO: [ app_end ] --START--
INFO: Run Behavior\ShowPageTraceBehavior [ RunTime:0.001170s ]
INFO: [ app_end ] --END-- [ RunTime:0.001217s ]

[ 2017-07-28T15:01:58+08:00 ] ::1 /bbs/index.php/Home/LY/l.html
INFO: [ app_init ] --START--
INFO: Run Behavior\BuildLiteBehavior [ RunTime:0.000012s ]
INFO: [ app_init ] --END-- [ RunTime:0.000750s ]

[ 2017-07-28T15:01:59+08:00 ] ::1 /bbs/index.php/Home/LY/tl.html
INFO: [ app_init ] --START--
INFO: Run Behavior\BuildLiteBehavior [ RunTime:0.000024s ]
INFO: [ app_init ] --END-- [ RunTime:0.001254s ]
INFO: [ app_begin ] --START--
INFO: Run Behavior\ReadHtmlCacheBehavior [ RunTime:0.001399s ]
INFO: [ app_begin ] --END-- [ RunTime:0.001456s ]
SQL: SHOW COLUMNS FROM `ly` [ RunTime:0.0076s ]
SQL: INSERT INTO `ly` (`ly_name`,`ly_time`,`ly`) VALUES ('游客_1501225319','2017-07-28 03:01:59','q') [ RunTime:0.1143s ]
INFO: [ app_end ] --START--
INFO: Run Behavior\ShowPageTraceBehavior [ RunTime:0.001364s ]
INFO: [ app_end ] --END-- [ RunTime:0.001432s ]

[ 2017-07-28T15:02:00+08:00 ] ::1 /bbs/index.php/Home/LY/l.html
INFO: [ app_init ] --START--
INFO: Run Behavior\BuildLiteBehavior [ RunTime:0.000020s ]
INFO: [ app_init ] --END-- [ RunTime:0.001025s ]

[ 2017-07-28T15:02:01+08:00 ] ::1 /bbs/index.php/Home/LY/tl.html
INFO: [ app_init ] --START--
INFO: Run Behavior\BuildLiteBehavior [ RunTime:0.000025s ]
INFO: [ app_init ] --END-- [ RunTime:0.001922s ]
INFO: [ app_begin ] --START--
INFO: Run Behavior\ReadHtmlCacheBehavior [ RunTime:0.001530s ]
INFO: [ app_begin ] --END-- [ RunTime:0.001679s ]
SQL: SHOW COLUMNS FROM `ly` [ RunTime:0.0028s ]
SQL: INSERT INTO `ly` (`ly_name`,`ly_time`,`ly`) VALUES ('游客_1501225320','2017-07-28 03:02:00','q') [ RunTime:0.0732s ]
INFO: [ app_end ] --START--
INFO: Run Behavior\ShowPageTraceBehavior [ RunTime:0.001229s ]
INFO: [ app_end ] --END-- [ RunTime:0.001278s ]

[ 2017-07-28T15:02:01+08:00 ] ::1 /bbs/index.php/Home/LY/l.html
INFO: [ app_init ] --START--
INFO: Run Behavior\BuildLiteBehavior [ RunTime:0.000012s ]
INFO: [ app_init ] --END-- [ RunTime:0.000730s ]

[ 2017-07-28T15:02:02+08:00 ] ::1 /bbs/index.php/Home/LY/tl.html
INFO: [ app_init ] --START--
INFO: Run Behavior\BuildLiteBehavior [ RunTime:0.000012s ]
INFO: [ app_init ] --END-- [ RunTime:0.000804s ]
INFO: [ app_begin ] --START--
INFO: Run Behavior\ReadHtmlCacheBehavior [ RunTime:0.001280s ]
INFO: [ app_begin ] --END-- [ RunTime:0.001355s ]
SQL: SHOW COLUMNS FROM `ly` [ RunTime:0.0060s ]
SQL: INSERT INTO `ly` (`ly_name`,`ly_time`,`ly`) VALUES ('游客_1501225322','2017-07-28 03:02:02','q') [ RunTime:0.0603s ]
INFO: [ app_end ] --START--
INFO: Run Behavior\ShowPageTraceBehavior [ RunTime:0.001295s ]
INFO: [ app_end ] --END-- [ RunTime:0.001342s ]

[ 2017-07-28T15:02:02+08:00 ] ::1 /bbs/index.php/Home/LY/l.html
INFO: [ app_init ] --START--
INFO: Run Behavior\BuildLiteBehavior [ RunTime:0.000012s ]
INFO: [ app_init ] --END-- [ RunTime:0.000716s ]

[ 2017-07-28T15:02:03+08:00 ] ::1 /bbs/index.php/Home/LY/tl.html
INFO: [ app_init ] --START--
INFO: Run Behavior\BuildLiteBehavior [ RunTime:0.000026s ]
INFO: [ app_init ] --END-- [ RunTime:0.001426s ]
INFO: [ app_begin ] --START--
INFO: Run Behavior\ReadHtmlCacheBehavior [ RunTime:0.001513s ]
INFO: [ app_begin ] --END-- [ RunTime:0.001588s ]
SQL: SHOW COLUMNS FROM `ly` [ RunTime:0.0033s ]
SQL: INSERT INTO `ly` (`ly_name`,`ly_time`,`ly`) VALUES ('游客_1501225323','2017-07-28 03:02:03','q') [ RunTime:0.0602s ]
INFO: [ app_end ] --START--
INFO: Run Behavior\ShowPageTraceBehavior [ RunTime:0.001244s ]
INFO: [ app_end ] --END-- [ RunTime:0.001281s ]

[ 2017-07-28T15:02:03+08:00 ] ::1 /bbs/index.php/Home/LY/l.html
INFO: [ app_init ] --START--
INFO: Run Behavior\BuildLiteBehavior [ RunTime:0.000013s ]
INFO: [ app_init ] --END-- [ RunTime:0.000824s ]

[ 2017-07-28T15:02:04+08:00 ] ::1 /bbs/index.php/Home/LY/tl.html
INFO: [ app_init ] --START--
INFO: Run Behavior\BuildLiteBehavior [ RunTime:0.000031s ]
INFO: [ app_init ] --END-- [ RunTime:0.001746s ]
INFO: [ app_begin ] --START--
INFO: Run Behavior\ReadHtmlCacheBehavior [ RunTime:0.001268s ]
INFO: [ app_begin ] --END-- [ RunTime:0.001330s ]
SQL: SHOW COLUMNS FROM `ly` [ RunTime:0.0041s ]
SQL: INSERT INTO `ly` (`ly_name`,`ly_time`,`ly`) VALUES ('游客_1501225324','2017-07-28 03:02:04','q') [ RunTime:0.0814s ]
INFO: [ app_end ] --START--
INFO: Run Behavior\ShowPageTraceBehavior [ RunTime:0.001395s ]
INFO: [ app_end ] --END-- [ RunTime:0.001444s ]

[ 2017-07-28T15:02:04+08:00 ] ::1 /bbs/index.php/Home/LY/l.html
INFO: [ app_init ] --START--
INFO: Run Behavior\BuildLiteBehavior [ RunTime:0.000014s ]
INFO: [ app_init ] --END-- [ RunTime:0.000988s ]

[ 2017-07-28T15:02:05+08:00 ] ::1 /bbs/index.php/Home/LY/tl.html
INFO: [ app_init ] --START--
INFO: Run Behavior\BuildLiteBehavior [ RunTime:0.000012s ]
INFO: [ app_init ] --END-- [ RunTime:0.000754s ]
INFO: [ app_begin ] --START--
INFO: Run Behavior\ReadHtmlCacheBehavior [ RunTime:0.001979s ]
INFO: [ app_begin ] --END-- [ RunTime:0.002055s ]
SQL: SHOW COLUMNS FROM `ly` [ RunTime:0.0067s ]
SQL: INSERT INTO `ly` (`ly_name`,`ly_time`,`ly`) VALUES ('游客_1501225325','2017-07-28 03:02:05','q') [ RunTime:0.0944s ]
INFO: [ app_end ] --START--
INFO: Run Behavior\ShowPageTraceBehavior [ RunTime:0.001290s ]
INFO: [ app_end ] --END-- [ RunTime:0.001338s ]

[ 2017-07-28T15:02:05+08:00 ] ::1 /bbs/index.php/Home/LY/l.html
INFO: [ app_init ] --START--
INFO: Run Behavior\BuildLiteBehavior [ RunTime:0.000011s ]
INFO: [ app_init ] --END-- [ RunTime:0.000822s ]

[ 2017-07-28T15:02:06+08:00 ] ::1 /bbs/index.php/Home/LY/tl.html
INFO: [ app_init ] --START--
INFO: Run Behavior\BuildLiteBehavior [ RunTime:0.000016s ]
INFO: [ app_init ] --END-- [ RunTime:0.000949s ]
INFO: [ app_begin ] --START--
INFO: Run Behavior\ReadHtmlCacheBehavior [ RunTime:0.000982s ]
INFO: [ app_begin ] --END-- [ RunTime:0.001029s ]
SQL: SHOW COLUMNS FROM `ly` [ RunTime:0.0047s ]
SQL: INSERT INTO `ly` (`ly_name`,`ly_time`,`ly`) VALUES ('游客_1501225326','2017-07-28 03:02:06','q') [ RunTime:0.0491s ]
INFO: [ app_end ] --START--
INFO: Run Behavior\ShowPageTraceBehavior [ RunTime:0.001239s ]
INFO: [ app_end ] --END-- [ RunTime:0.001282s ]

[ 2017-07-28T15:02:06+08:00 ] ::1 /bbs/index.php/Home/LY/l.html
INFO: [ app_init ] --START--
INFO: Run Behavior\BuildLiteBehavior [ RunTime:0.000013s ]
INFO: [ app_init ] --END-- [ RunTime:0.000872s ]

[ 2017-07-28T15:02:07+08:00 ] ::1 /bbs/index.php/Home/LY/tl.html
INFO: [ app_init ] --START--
INFO: Run Behavior\BuildLiteBehavior [ RunTime:0.000012s ]
INFO: [ app_init ] --END-- [ RunTime:0.000811s ]
INFO: [ app_begin ] --START--
INFO: Run Behavior\ReadHtmlCacheBehavior [ RunTime:0.001825s ]
INFO: [ app_begin ] --END-- [ RunTime:0.001933s ]
SQL: SHOW COLUMNS FROM `ly` [ RunTime:0.0041s ]
SQL: INSERT INTO `ly` (`ly_name`,`ly_time`,`ly`) VALUES ('游客_1501225327','2017-07-28 03:02:07','q') [ RunTime:0.0566s ]
INFO: [ app_end ] --START--
INFO: Run Behavior\ShowPageTraceBehavior [ RunTime:0.001388s ]
INFO: [ app_end ] --END-- [ RunTime:0.001448s ]

[ 2017-07-28T15:02:07+08:00 ] ::1 /bbs/index.php/Home/LY/l.html
INFO: [ app_init ] --START--
INFO: Run Behavior\BuildLiteBehavior [ RunTime:0.000013s ]
INFO: [ app_init ] --END-- [ RunTime:0.000790s ]

[ 2017-07-28T15:02:07+08:00 ] ::1 /bbs/index.php/Home/LY/tl.html
INFO: [ app_init ] --START--
INFO: Run Behavior\BuildLiteBehavior [ RunTime:0.000018s ]
INFO: [ app_init ] --END-- [ RunTime:0.001533s ]
INFO: [ app_begin ] --START--
INFO: Run Behavior\ReadHtmlCacheBehavior [ RunTime:0.002597s ]
INFO: [ app_begin ] --END-- [ RunTime:0.002782s ]
SQL: SHOW COLUMNS FROM `ly` [ RunTime:0.0040s ]
SQL: INSERT INTO `ly` (`ly_name`,`ly_time`,`ly`) VALUES ('游客_1501225327','2017-07-28 03:02:07','q') [ RunTime:0.0539s ]
INFO: [ app_end ] --START--
INFO: Run Behavior\ShowPageTraceBehavior [ RunTime:0.001660s ]
INFO: [ app_end ] --END-- [ RunTime:0.001704s ]

[ 2017-07-28T15:02:08+08:00 ] ::1 /bbs/index.php/Home/LY/l.html
INFO: [ app_init ] --START--
INFO: Run Behavior\BuildLiteBehavior [ RunTime:0.000012s ]
INFO: [ app_init ] --END-- [ RunTime:0.000819s ]

[ 2017-07-28T15:02:08+08:00 ] ::1 /bbs/index.php/Home/LY/tl.html
INFO: [ app_init ] --START--
INFO: Run Behavior\BuildLiteBehavior [ RunTime:0.000012s ]
INFO: [ app_init ] --END-- [ RunTime:0.000758s ]
INFO: [ app_begin ] --START--
INFO: Run Behavior\ReadHtmlCacheBehavior [ RunTime:0.002423s ]
INFO: [ app_begin ] --END-- [ RunTime:0.002502s ]
SQL: SHOW COLUMNS FROM `ly` [ RunTime:0.0038s ]
SQL: INSERT INTO `ly` (`ly_name`,`ly_time`,`ly`) VALUES ('游客_1501225328','2017-07-28 03:02:08','q') [ RunTime:0.2089s ]
INFO: [ app_end ] --START--
INFO: Run Behavior\ShowPageTraceBehavior [ RunTime:0.001178s ]
INFO: [ app_end ] --END-- [ RunTime:0.001219s ]

[ 2017-07-28T15:02:09+08:00 ] ::1 /bbs/index.php/Home/LY/l.html
INFO: [ app_init ] --START--
INFO: Run Behavior\BuildLiteBehavior [ RunTime:0.000012s ]
INFO: [ app_init ] --END-- [ RunTime:0.000880s ]

[ 2017-07-28T15:02:12+08:00 ] ::1 /bbs/index.php/Home/LY/tl.html
INFO: [ app_init ] --START--
INFO: Run Behavior\BuildLiteBehavior [ RunTime:0.000015s ]
INFO: [ app_init ] --END-- [ RunTime:0.001787s ]
INFO: [ app_begin ] --START--
INFO: Run Behavior\ReadHtmlCacheBehavior [ RunTime:0.001100s ]
INFO: [ app_begin ] --END-- [ RunTime:0.001154s ]
SQL: SHOW COLUMNS FROM `ly` [ RunTime:0.0031s ]
SQL: INSERT INTO `ly` (`ly_name`,`ly_time`,`ly`) VALUES ('游客_1501225332','2017-07-28 03:02:12','q') [ RunTime:0.0640s ]
INFO: [ app_end ] --START--
INFO: Run Behavior\ShowPageTraceBehavior [ RunTime:0.001320s ]
INFO: [ app_end ] --END-- [ RunTime:0.001376s ]

[ 2017-07-28T15:02:13+08:00 ] ::1 /bbs/index.php/Home/LY/l.html
INFO: [ app_init ] --START--
INFO: Run Behavior\BuildLiteBehavior [ RunTime:0.000017s ]
INFO: [ app_init ] --END-- [ RunTime:0.001299s ]

[ 2017-07-28T15:02:14+08:00 ] ::1 /bbs/index.php/Home/LY/tl.html
INFO: [ app_init ] --START--
INFO: Run Behavior\BuildLiteBehavior [ RunTime:0.000018s ]
INFO: [ app_init ] --END-- [ RunTime:0.000810s ]
INFO: [ app_begin ] --START--
INFO: Run Behavior\ReadHtmlCacheBehavior [ RunTime:0.001099s ]
INFO: [ app_begin ] --END-- [ RunTime:0.001152s ]
SQL: SHOW COLUMNS FROM `ly` [ RunTime:0.0033s ]
SQL: INSERT INTO `ly` (`ly_name`,`ly_time`,`ly`) VALUES ('游客_1501225334','2017-07-28 03:02:14','q') [ RunTime:0.0452s ]
INFO: [ app_end ] --START--
INFO: Run Behavior\ShowPageTraceBehavior [ RunTime:0.001878s ]
INFO: [ app_end ] --END-- [ RunTime:0.001985s ]

[ 2017-07-28T15:02:14+08:00 ] ::1 /bbs/index.php/Home/LY/l.html
INFO: [ app_init ] --START--
INFO: Run Behavior\BuildLiteBehavior [ RunTime:0.000013s ]
INFO: [ app_init ] --END-- [ RunTime:0.000848s ]

[ 2017-07-28T15:02:15+08:00 ] ::1 /bbs/index.php/Home/LY/tl.html
INFO: [ app_init ] --START--
INFO: Run Behavior\BuildLiteBehavior [ RunTime:0.000013s ]
INFO: [ app_init ] --END-- [ RunTime:0.000776s ]
INFO: [ app_begin ] --START--
INFO: Run Behavior\ReadHtmlCacheBehavior [ RunTime:0.002339s ]
INFO: [ app_begin ] --END-- [ RunTime:0.002452s ]
SQL: SHOW COLUMNS FROM `ly` [ RunTime:0.0048s ]
SQL: INSERT INTO `ly` (`ly_name`,`ly_time`,`ly`) VALUES ('游客_1501225335','2017-07-28 03:02:15','q') [ RunTime:0.0668s ]
INFO: [ app_end ] --START--
INFO: Run Behavior\ShowPageTraceBehavior [ RunTime:0.001624s ]
INFO: [ app_end ] --END-- [ RunTime:0.001678s ]

[ 2017-07-28T15:02:15+08:00 ] ::1 /bbs/index.php/Home/LY/l.html
INFO: [ app_init ] --START--
INFO: Run Behavior\BuildLiteBehavior [ RunTime:0.000014s ]
INFO: [ app_init ] --END-- [ RunTime:0.001066s ]

[ 2017-07-28T15:02:17+08:00 ] ::1 /bbs/index.php/Home/LY/tl.html
INFO: [ app_init ] --START--
INFO: Run Behavior\BuildLiteBehavior [ RunTime:0.000024s ]
INFO: [ app_init ] --END-- [ RunTime:0.001076s ]
INFO: [ app_begin ] --START--
INFO: Run Behavior\ReadHtmlCacheBehavior [ RunTime:0.001018s ]
INFO: [ app_begin ] --END-- [ RunTime:0.001065s ]
SQL: SHOW COLUMNS FROM `ly` [ RunTime:0.0082s ]
SQL: INSERT INTO `ly` (`ly_name`,`ly_time`,`ly`) VALUES ('游客_1501225337','2017-07-28 03:02:17','qqq') [ RunTime:0.0663s ]
INFO: [ app_end ] --START--
INFO: Run Behavior\ShowPageTraceBehavior [ RunTime:0.001227s ]
INFO: [ app_end ] --END-- [ RunTime:0.001274s ]

[ 2017-07-28T15:02:17+08:00 ] ::1 /bbs/index.php/Home/LY/l.html
INFO: [ app_init ] --START--
INFO: Run Behavior\BuildLiteBehavior [ RunTime:0.000015s ]
INFO: [ app_init ] --END-- [ RunTime:0.000819s ]

[ 2017-07-28T15:04:50+08:00 ] ::1 /bbs/index.php/Home/LY/l/p/2.html
INFO: [ app_init ] --START--
INFO: Run Behavior\BuildLiteBehavior [ RunTime:0.000012s ]
INFO: [ app_init ] --END-- [ RunTime:0.000886s ]

[ 2017-07-28T15:20:09+08:00 ] ::1 /bbs/index.php/Home/Index/index.html
INFO: [ app_init ] --START--
INFO: Run Behavior\BuildLiteBehavior [ RunTime:0.000011s ]
INFO: [ app_init ] --END-- [ RunTime:0.000881s ]

[ 2017-07-28T15:20:10+08:00 ] ::1 /bbs/index.php/Home/Index/index.html
INFO: [ app_init ] --START--
INFO: Run Behavior\BuildLiteBehavior [ RunTime:0.000027s ]
INFO: [ app_init ] --END-- [ RunTime:0.001320s ]

[ 2017-07-28T15:20:11+08:00 ] ::1 /bbs/index.php/Home/Blo/b.html
INFO: [ app_init ] --START--
INFO: Run Behavior\BuildLiteBehavior [ RunTime:0.000016s ]
INFO: [ app_init ] --END-- [ RunTime:0.000878s ]

[ 2017-07-28T15:23:00+08:00 ] ::1 /bbs/index.php/Home/Blo/b.html
INFO: [ app_init ] --START--
INFO: Run Behavior\BuildLiteBehavior [ RunTime:0.000012s ]
INFO: [ app_init ] --END-- [ RunTime:0.000797s ]

[ 2017-07-28T15:23:03+08:00 ] ::1 /bbs/index.php/Home/Blo/b.html
INFO: [ app_init ] --START--
INFO: Run Behavior\BuildLiteBehavior [ RunTime:0.000014s ]
INFO: [ app_init ] --END-- [ RunTime:0.000767s ]

[ 2017-07-28T15:23:04+08:00 ] ::1 /bbs/index.php/Home/Blo/b.html
INFO: [ app_init ] --START--
INFO: Run Behavior\BuildLiteBehavior [ RunTime:0.000012s ]
INFO: [ app_init ] --END-- [ RunTime:0.000788s ]

[ 2017-07-28T15:23:04+08:00 ] ::1 /bbs/index.php/Home/Blo/b.html
INFO: [ app_init ] --START--
INFO: Run Behavior\BuildLiteBehavior [ RunTime:0.000015s ]
INFO: [ app_init ] --END-- [ RunTime:0.001586s ]

[ 2017-07-28T15:23:04+08:00 ] ::1 /bbs/index.php/Home/Blo/b.html
INFO: [ app_init ] --START--
INFO: Run Behavior\BuildLiteBehavior [ RunTime:0.000014s ]
INFO: [ app_init ] --END-- [ RunTime:0.000886s ]

[ 2017-07-28T15:23:04+08:00 ] ::1 /bbs/index.php/Home/Blo/b.html
INFO: [ app_init ] --START--
INFO: Run Behavior\BuildLiteBehavior [ RunTime:0.000016s ]
INFO: [ app_init ] --END-- [ RunTime:0.001339s ]

[ 2017-07-28T15:23:05+08:00 ] ::1 /bbs/index.php/Home/Blo/b.html
INFO: [ app_init ] --START--
INFO: Run Behavior\BuildLiteBehavior [ RunTime:0.000020s ]
INFO: [ app_init ] --END-- [ RunTime:0.001387s ]

[ 2017-07-28T15:23:05+08:00 ] ::1 /bbs/index.php/Home/Blo/b.html
INFO: [ app_init ] --START--
INFO: Run Behavior\BuildLiteBehavior [ RunTime:0.000013s ]
INFO: [ app_init ] --END-- [ RunTime:0.000816s ]

[ 2017-07-28T15:23:05+08:00 ] ::1 /bbs/index.php/Home/Blo/b.html
INFO: [ app_init ] --START--
INFO: Run Behavior\BuildLiteBehavior [ RunTime:0.000011s ]
INFO: [ app_init ] --END-- [ RunTime:0.000751s ]

[ 2017-07-28T15:23:05+08:00 ] ::1 /bbs/index.php/Home/Blo/b.html
INFO: [ app_init ] --START--
INFO: Run Behavior\BuildLiteBehavior [ RunTime:0.000012s ]
INFO: [ app_init ] --END-- [ RunTime:0.000776s ]

[ 2017-07-28T15:23:06+08:00 ] ::1 /bbs/index.php/Home/Blo/b.html
INFO: [ app_init ] --START--
INFO: Run Behavior\BuildLiteBehavior [ RunTime:0.000014s ]
INFO: [ app_init ] --END-- [ RunTime:0.000887s ]

[ 2017-07-28T15:23:06+08:00 ] ::1 /bbs/index.php/Home/Blo/b.html
INFO: [ app_init ] --START--
INFO: Run Behavior\BuildLiteBehavior [ RunTime:0.000020s ]
INFO: [ app_init ] --END-- [ RunTime:0.000863s ]

[ 2017-07-28T15:23:06+08:00 ] ::1 /bbs/index.php/Home/Blo/b.html
INFO: [ app_init ] --START--
INFO: Run Behavior\BuildLiteBehavior [ RunTime:0.000020s ]
INFO: [ app_init ] --END-- [ RunTime:0.001117s ]

[ 2017-07-28T15:23:06+08:00 ] ::1 /bbs/index.php/Home/Blo/b.html
INFO: [ app_init ] --START--
INFO: Run Behavior\BuildLiteBehavior [ RunTime:0.000013s ]
INFO: [ app_init ] --END-- [ RunTime:0.000874s ]

[ 2017-07-28T15:23:06+08:00 ] ::1 /bbs/index.php/Home/Blo/b.html
INFO: [ app_init ] --START--
INFO: Run Behavior\BuildLiteBehavior [ RunTime:0.000013s ]
INFO: [ app_init ] --END-- [ RunTime:0.000712s ]

[ 2017-07-28T15:23:06+08:00 ] ::1 /bbs/index.php/Home/Blo/b.html
INFO: [ app_init ] --START--
INFO: Run Behavior\BuildLiteBehavior [ RunTime:0.000011s ]
INFO: [ app_init ] --END-- [ RunTime:0.000713s ]

[ 2017-07-28T15:23:07+08:00 ] ::1 /bbs/index.php/Home/Blo/b.html
INFO: [ app_init ] --START--
INFO: Run Behavior\BuildLiteBehavior [ RunTime:0.000014s ]
INFO: [ app_init ] --END-- [ RunTime:0.000811s ]

[ 2017-07-28T15:23:07+08:00 ] ::1 /bbs/index.php/Home/Blo/b.html
INFO: [ app_init ] --START--
INFO: Run Behavior\BuildLiteBehavior [ RunTime:0.000012s ]
INFO: [ app_init ] --END-- [ RunTime:0.000730s ]

[ 2017-07-28T15:24:04+08:00 ] ::1 /bbs/index.php/Home/Blo/b.html
INFO: [ app_init ] --START--
INFO: Run Behavior\BuildLiteBehavior [ RunTime:0.000012s ]
INFO: [ app_init ] --END-- [ RunTime:0.000741s ]

[ 2017-07-28T15:24:43+08:00 ] ::1 /bbs/index.php/Home/Blo/d/i/8896.html
INFO: [ app_init ] --START--
INFO: Run Behavior\BuildLiteBehavior [ RunTime:0.000011s ]
INFO: [ app_init ] --END-- [ RunTime:0.000840s ]

[ 2017-07-28T15:24:58+08:00 ] ::1 /bbs/index.php/Home/Blo/d/i/8896.html
INFO: [ app_init ] --START--
INFO: Run Behavior\BuildLiteBehavior [ RunTime:0.000020s ]
INFO: [ app_init ] --END-- [ RunTime:0.000919s ]

[ 2017-07-28T15:25:01+08:00 ] ::1 /bbs/index.php/Home/Blo/d/i/8896.html
INFO: [ app_init ] --START--
INFO: Run Behavior\BuildLiteBehavior [ RunTime:0.000013s ]
INFO: [ app_init ] --END-- [ RunTime:0.000829s ]

[ 2017-07-28T15:25:01+08:00 ] ::1 /bbs/index.php/Home/Blo/d/i/8896.html
INFO: [ app_init ] --START--
INFO: Run Behavior\BuildLiteBehavior [ RunTime:0.000022s ]
INFO: [ app_init ] --END-- [ RunTime:0.000897s ]

[ 2017-07-28T15:25:01+08:00 ] ::1 /bbs/index.php/Home/Blo/d/i/8896.html
INFO: [ app_init ] --START--
INFO: Run Behavior\BuildLiteBehavior [ RunTime:0.000014s ]
INFO: [ app_init ] --END-- [ RunTime:0.000901s ]

[ 2017-07-28T15:25:01+08:00 ] ::1 /bbs/index.php/Home/Blo/d/i/8896.html
INFO: [ app_init ] --START--
INFO: Run Behavior\BuildLiteBehavior [ RunTime:0.000013s ]
INFO: [ app_init ] --END-- [ RunTime:0.000830s ]

[ 2017-07-28T15:25:01+08:00 ] ::1 /bbs/index.php/Home/Blo/d/i/8896.html
INFO: [ app_init ] --START--
INFO: Run Behavior\BuildLiteBehavior [ RunTime:0.000012s ]
INFO: [ app_init ] --END-- [ RunTime:0.000842s ]

[ 2017-07-28T15:25:02+08:00 ] ::1 /bbs/index.php/Home/Blo/d/i/8896.html
INFO: [ app_init ] --START--
INFO: Run Behavior\BuildLiteBehavior [ RunTime:0.000012s ]
INFO: [ app_init ] --END-- [ RunTime:0.000850s ]

[ 2017-07-28T15:25:02+08:00 ] ::1 /bbs/index.php/Home/Blo/d/i/8896.html
INFO: [ app_init ] --START--
INFO: Run Behavior\BuildLiteBehavior [ RunTime:0.000022s ]
INFO: [ app_init ] --END-- [ RunTime:0.000832s ]

[ 2017-07-28T15:25:02+08:00 ] ::1 /bbs/index.php/Home/Blo/d/i/8896.html
INFO: [ app_init ] --START--
INFO: Run Behavior\BuildLiteBehavior [ RunTime:0.000012s ]
INFO: [ app_init ] --END-- [ RunTime:0.000742s ]

[ 2017-07-28T15:25:02+08:00 ] ::1 /bbs/index.php/Home/Blo/d/i/8896.html
INFO: [ app_init ] --START--
INFO: Run Behavior\BuildLiteBehavior [ RunTime:0.000011s ]
INFO: [ app_init ] --END-- [ RunTime:0.000847s ]

[ 2017-07-28T15:25:03+08:00 ] ::1 /bbs/index.php/Home/Blo/d/i/8896.html
INFO: [ app_init ] --START--
INFO: Run Behavior\BuildLiteBehavior [ RunTime:0.000012s ]
INFO: [ app_init ] --END-- [ RunTime:0.000807s ]

[ 2017-07-28T15:25:04+08:00 ] ::1 /bbs/index.php/Home/Index/index.html
INFO: [ app_init ] --START--
INFO: Run Behavior\BuildLiteBehavior [ RunTime:0.000012s ]
INFO: [ app_init ] --END-- [ RunTime:0.000766s ]

[ 2017-07-28T15:25:10+08:00 ] ::1 /bbs/index.php/Home/Blo/b.html
INFO: [ app_init ] --START--
INFO: Run Behavior\BuildLiteBehavior [ RunTime:0.000018s ]
INFO: [ app_init ] --END-- [ RunTime:0.000763s ]

[ 2017-07-28T15:26:02+08:00 ] ::1 /bbs/index.php/Home/Blo/b.html
INFO: [ app_init ] --START--
INFO: Run Behavior\BuildLiteBehavior [ RunTime:0.000013s ]
INFO: [ app_init ] --END-- [ RunTime:0.000663s ]

[ 2017-07-28T15:26:44+08:00 ] ::1 /bbs/index.php/Home/Blo/d/i/8899.html
INFO: [ app_init ] --START--
INFO: Run Behavior\BuildLiteBehavior [ RunTime:0.000019s ]
INFO: [ app_init ] --END-- [ RunTime:0.001470s ]

[ 2017-07-28T15:28:10+08:00 ] ::1 /bbs/index.php/Home/Blo/b.html
INFO: [ app_init ] --START--
INFO: Run Behavior\BuildLiteBehavior [ RunTime:0.000012s ]
INFO: [ app_init ] --END-- [ RunTime:0.000828s ]

[ 2017-07-28T15:30:01+08:00 ] ::1 /bbs/index.php/Home/Blo/b.html
INFO: [ app_init ] --START--
INFO: Run Behavior\BuildLiteBehavior [ RunTime:0.000012s ]
INFO: [ app_init ] --END-- [ RunTime:0.000578s ]

[ 2017-07-28T15:30:11+08:00 ] ::1 /bbs/index.php/Home/Index/index.html
INFO: [ app_init ] --START--
INFO: Run Behavior\BuildLiteBehavior [ RunTime:0.000013s ]
INFO: [ app_init ] --END-- [ RunTime:0.000746s ]

[ 2017-07-28T15:34:12+08:00 ] ::1 /bbs/index.php/Home/Blo/d/i/8923.html
INFO: [ app_init ] --START--
INFO: Run Behavior\BuildLiteBehavior [ RunTime:0.000020s ]
INFO: [ app_init ] --END-- [ RunTime:0.001009s ]

[ 2017-07-28T15:34:38+08:00 ] ::1 /bbs/index.php/Home/Index/index.html
INFO: [ app_init ] --START--
INFO: Run Behavior\BuildLiteBehavior [ RunTime:0.000013s ]
INFO: [ app_init ] --END-- [ RunTime:0.000631s ]

[ 2017-07-28T15:34:39+08:00 ] ::1 /bbs/index.php/Home/Blo/d/i/8923.html
INFO: [ app_init ] --START--
INFO: Run Behavior\BuildLiteBehavior [ RunTime:0.000013s ]
INFO: [ app_init ] --END-- [ RunTime:0.000878s ]

[ 2017-07-28T15:36:05+08:00 ] ::1 /bbs/index.php/Home/Blo/d/i/8923.html
INFO: [ app_init ] --START--
INFO: Run Behavior\BuildLiteBehavior [ RunTime:0.000014s ]
INFO: [ app_init ] --END-- [ RunTime:0.000794s ]

[ 2017-07-28T15:36:11+08:00 ] ::1 /bbs/index.php/Home/Blo/d/i/8923.html
INFO: [ app_init ] --START--
INFO: Run Behavior\BuildLiteBehavior [ RunTime:0.000012s ]
INFO: [ app_init ] --END-- [ RunTime:0.000657s ]

[ 2017-07-28T15:38:44+08:00 ] ::1 /bbs/index.php/Home/Blo/d/i/8923.html
INFO: [ app_init ] --START--
INFO: Run Behavior\BuildLiteBehavior [ RunTime:0.000011s ]
INFO: [ app_init ] --END-- [ RunTime:0.000683s ]

[ 2017-07-28T15:38:47+08:00 ] ::1 /bbs/index.php/Home/Index/index.html
INFO: [ app_init ] --START--
INFO: Run Behavior\BuildLiteBehavior [ RunTime:0.000012s ]
INFO: [ app_init ] --END-- [ RunTime:0.000566s ]

[ 2017-07-28T15:38:59+08:00 ] ::1 /bbs/index.php/Home/Blo/b.html
INFO: [ app_init ] --START--
INFO: Run Behavior\BuildLiteBehavior [ RunTime:0.000012s ]
INFO: [ app_init ] --END-- [ RunTime:0.000760s ]

[ 2017-07-28T15:39:29+08:00 ] ::1 /bbs/index.php/Home/Blo/b.html
INFO: [ app_init ] --START--
INFO: Run Behavior\BuildLiteBehavior [ RunTime:0.000016s ]
INFO: [ app_init ] --END-- [ RunTime:0.000630s ]

[ 2017-07-28T15:39:41+08:00 ] ::1 /bbs/index.php/Home/Blo/b.html
INFO: [ app_init ] --START--
INFO: Run Behavior\BuildLiteBehavior [ RunTime:0.000012s ]
INFO: [ app_init ] --END-- [ RunTime:0.000975s ]

[ 2017-07-28T15:41:46+08:00 ] ::1 /bbs/index.php/Home/Index/index.html
INFO: [ app_init ] --START--
INFO: Run Behavior\BuildLiteBehavior [ RunTime:0.000012s ]
INFO: [ app_init ] --END-- [ RunTime:0.000753s ]

[ 2017-07-28T15:41:50+08:00 ] ::1 /bbs/index.php/Home/Blo/d/i/8922.html
INFO: [ app_init ] --START--
INFO: Run Behavior\BuildLiteBehavior [ RunTime:0.000021s ]
INFO: [ app_init ] --END-- [ RunTime:0.000912s ]

[ 2017-07-28T15:41:54+08:00 ] ::1 /bbs/index.php/Home/Blo/d/i/8922.html
INFO: [ app_init ] --START--
INFO: Run Behavior\BuildLiteBehavior [ RunTime:0.000013s ]
INFO: [ app_init ] --END-- [ RunTime:0.000627s ]

[ 2017-07-28T15:42:03+08:00 ] ::1 /bbs/index.php/Home/Index/index.html
INFO: [ app_init ] --START--
INFO: Run Behavior\BuildLiteBehavior [ RunTime:0.000012s ]
INFO: [ app_init ] --END-- [ RunTime:0.000669s ]

[ 2017-07-28T15:42:05+08:00 ] ::1 /bbs/index.php/Home/Blo/d/i/8921.html
INFO: [ app_init ] --START--
INFO: Run Behavior\BuildLiteBehavior [ RunTime:0.000054s ]
INFO: [ app_init ] --END-- [ RunTime:0.001459s ]

[ 2017-07-28T15:42:07+08:00 ] ::1 /bbs/index.php/Home/Blo/d/i/8921.html
INFO: [ app_init ] --START--
INFO: Run Behavior\BuildLiteBehavior [ RunTime:0.000038s ]
INFO: [ app_init ] --END-- [ RunTime:0.001022s ]

[ 2017-07-28T15:42:52+08:00 ] ::1 /bbs/index.php/Home/Blo/d/i/8921.html
INFO: [ app_init ] --START--
INFO: Run Behavior\BuildLiteBehavior [ RunTime:0.000012s ]
INFO: [ app_init ] --END-- [ RunTime:0.000630s ]

[ 2017-07-28T15:42:55+08:00 ] ::1 /bbs/index.php/Home/Blo/d/i/8921.html
INFO: [ app_init ] --START--
INFO: Run Behavior\BuildLiteBehavior [ RunTime:0.000012s ]
INFO: [ app_init ] --END-- [ RunTime:0.000615s ]

[ 2017-07-28T15:42:56+08:00 ] ::1 /bbs/index.php/Home/Blo/d/i/8920.html
INFO: [ app_init ] --START--
INFO: Run Behavior\BuildLiteBehavior [ RunTime:0.000013s ]
INFO: [ app_init ] --END-- [ RunTime:0.000614s ]

[ 2017-07-28T15:42:58+08:00 ] ::1 /bbs/index.php/Home/Blo/d/i/8920.html
INFO: [ app_init ] --START--
INFO: Run Behavior\BuildLiteBehavior [ RunTime:0.000011s ]
INFO: [ app_init ] --END-- [ RunTime:0.000549s ]

[ 2017-07-28T15:43:00+08:00 ] ::1 /bbs/index.php/Home/Blo/d/i/8919.html
INFO: [ app_init ] --START--
INFO: Run Behavior\BuildLiteBehavior [ RunTime:0.000012s ]
INFO: [ app_init ] --END-- [ RunTime:0.000605s ]

[ 2017-07-28T15:43:01+08:00 ] ::1 /bbs/index.php/Home/Blo/d/i/8918.html
INFO: [ app_init ] --START--
INFO: Run Behavior\BuildLiteBehavior [ RunTime:0.000011s ]
INFO: [ app_init ] --END-- [ RunTime:0.000629s ]

[ 2017-07-28T15:43:02+08:00 ] ::1 /bbs/index.php/Home/Blo/d/i/8917.html
INFO: [ app_init ] --START--
INFO: Run Behavior\BuildLiteBehavior [ RunTime:0.000012s ]
INFO: [ app_init ] --END-- [ RunTime:0.000644s ]

[ 2017-07-28T15:43:04+08:00 ] ::1 /bbs/index.php/Home/Blo/d/i/8916.html
INFO: [ app_init ] --START--
INFO: Run Behavior\BuildLiteBehavior [ RunTime:0.000011s ]
INFO: [ app_init ] --END-- [ RunTime:0.000623s ]

[ 2017-07-28T15:43:05+08:00 ] ::1 /bbs/index.php/Home/Blo/d/i/8899.html
INFO: [ app_init ] --START--
INFO: Run Behavior\BuildLiteBehavior [ RunTime:0.000011s ]
INFO: [ app_init ] --END-- [ RunTime:0.000604s ]

[ 2017-07-28T15:43:05+08:00 ] ::1 /bbs/index.php/Home/Blo/d/i/8890.html
INFO: [ app_init ] --START--
INFO: Run Behavior\BuildLiteBehavior [ RunTime:0.000016s ]
INFO: [ app_init ] --END-- [ RunTime:0.000652s ]

[ 2017-07-28T15:43:07+08:00 ] ::1 /bbs/index.php/Home/Blo/b.html
INFO: [ app_init ] --START--
INFO: Run Behavior\BuildLiteBehavior [ RunTime:0.000011s ]
INFO: [ app_init ] --END-- [ RunTime:0.000619s ]

[ 2017-07-28T15:43:10+08:00 ] ::1 /bbs/index.php/Home/Blo/b/p/2.html
INFO: [ app_init ] --START--
INFO: Run Behavior\BuildLiteBehavior [ RunTime:0.000011s ]
INFO: [ app_init ] --END-- [ RunTime:0.000610s ]

[ 2017-07-28T15:43:13+08:00 ] ::1 /bbs/index.php/Home/Blo/d/i/8898.html
INFO: [ app_init ] --START--
INFO: Run Behavior\BuildLiteBehavior [ RunTime:0.000011s ]
INFO: [ app_init ] --END-- [ RunTime:0.000621s ]

[ 2017-07-28T15:43:16+08:00 ] ::1 /bbs/index.php/Home/Blo/d/i/8897.html
INFO: [ app_init ] --START--
INFO: Run Behavior\BuildLiteBehavior [ RunTime:0.000021s ]
INFO: [ app_init ] --END-- [ RunTime:0.000621s ]

[ 2017-07-28T15:43:20+08:00 ] ::1 /bbs/index.php/Home/Blo/d/i/8888.html
INFO: [ app_init ] --START--
INFO: Run Behavior\BuildLiteBehavior [ RunTime:0.000012s ]
INFO: [ app_init ] --END-- [ RunTime:0.000621s ]

[ 2017-07-28T15:43:26+08:00 ] ::1 /bbs/index.php/Home/Index/index.html
INFO: [ app_init ] --START--
INFO: Run Behavior\BuildLiteBehavior [ RunTime:0.000013s ]
INFO: [ app_init ] --END-- [ RunTime:0.000606s ]

[ 2017-07-28T15:43:27+08:00 ] ::1 /bbs/index.php/Home/Blo/b.html
INFO: [ app_init ] --START--
INFO: Run Behavior\BuildLiteBehavior [ RunTime:0.000012s ]
INFO: [ app_init ] --END-- [ RunTime:0.000611s ]

[ 2017-07-28T15:43:30+08:00 ] ::1 /bbs/index.php/Home/Blo/b/p/2.html
INFO: [ app_init ] --START--
INFO: Run Behavior\BuildLiteBehavior [ RunTime:0.000012s ]
INFO: [ app_init ] --END-- [ RunTime:0.000641s ]

[ 2017-07-28T15:44:44+08:00 ] ::1 /bbs/index.php/Home/Index/index.html
INFO: [ app_init ] --START--
INFO: Run Behavior\BuildLiteBehavior [ RunTime:0.000013s ]
INFO: [ app_init ] --END-- [ RunTime:0.000836s ]

[ 2017-07-28T15:44:47+08:00 ] ::1 /bbs/index.php/Home/Blo/b.html
INFO: [ app_init ] --START--
INFO: Run Behavior\BuildLiteBehavior [ RunTime:0.000013s ]
INFO: [ app_init ] --END-- [ RunTime:0.000631s ]

[ 2017-07-28T15:44:49+08:00 ] ::1 /bbs/index.php/Home/LY/l.html
INFO: [ app_init ] --START--
INFO: Run Behavior\BuildLiteBehavior [ RunTime:0.000012s ]
INFO: [ app_init ] --END-- [ RunTime:0.000612s ]

[ 2017-07-28T15:44:53+08:00 ] ::1 /bbs/index.php/Home/LY/tl.html
INFO: [ app_init ] --START--
INFO: Run Behavior\BuildLiteBehavior [ RunTime:0.000010s ]
INFO: [ app_init ] --END-- [ RunTime:0.000603s ]
INFO: [ app_begin ] --START--
INFO: Run Behavior\ReadHtmlCacheBehavior [ RunTime:0.001351s ]
INFO: [ app_begin ] --END-- [ RunTime:0.001442s ]
INFO: [ app_end ] --START--
INFO: Run Behavior\ShowPageTraceBehavior [ RunTime:0.001065s ]
INFO: [ app_end ] --END-- [ RunTime:0.001107s ]

[ 2017-07-28T15:44:53+08:00 ] ::1 /bbs/index.php/Home/LY/l.html
INFO: [ app_init ] --START--
INFO: Run Behavior\BuildLiteBehavior [ RunTime:0.000013s ]
INFO: [ app_init ] --END-- [ RunTime:0.000586s ]

[ 2017-07-28T15:44:54+08:00 ] ::1 /bbs/index.php/Home/LY/tl.html
INFO: [ app_init ] --START--
INFO: Run Behavior\BuildLiteBehavior [ RunTime:0.000011s ]
INFO: [ app_init ] --END-- [ RunTime:0.000798s ]
INFO: [ app_begin ] --START--
INFO: Run Behavior\ReadHtmlCacheBehavior [ RunTime:0.001061s ]
INFO: [ app_begin ] --END-- [ RunTime:0.001116s ]
INFO: [ app_end ] --START--
INFO: Run Behavior\ShowPageTraceBehavior [ RunTime:0.001105s ]
INFO: [ app_end ] --END-- [ RunTime:0.001171s ]

[ 2017-07-28T15:44:54+08:00 ] ::1 /bbs/index.php/Home/LY/l.html
INFO: [ app_init ] --START--
INFO: Run Behavior\BuildLiteBehavior [ RunTime:0.000012s ]
INFO: [ app_init ] --END-- [ RunTime:0.000600s ]

[ 2017-07-28T15:46:26+08:00 ] ::1 /bbs/index.php/Home/Index/index.html
INFO: [ app_init ] --START--
INFO: Run Behavior\BuildLiteBehavior [ RunTime:0.000013s ]
INFO: [ app_init ] --END-- [ RunTime:0.000873s ]

[ 2017-07-28T15:48:12+08:00 ] ::1 /bbs/index.php/Home/Index/index.html
INFO: [ app_init ] --START--
INFO: Run Behavior\BuildLiteBehavior [ RunTime:0.000014s ]
INFO: [ app_init ] --END-- [ RunTime:0.002436s ]

[ 2017-07-28T15:48:14+08:00 ] ::1 /bbs/index.php/Home/Blo/b.html
INFO: [ app_init ] --START--
INFO: Run Behavior\BuildLiteBehavior [ RunTime:0.000020s ]
INFO: [ app_init ] --END-- [ RunTime:0.001388s ]

[ 2017-07-28T15:48:26+08:00 ] ::1 /bbs/index.php/Home/LY/l.html
INFO: [ app_init ] --START--
INFO: Run Behavior\BuildLiteBehavior [ RunTime:0.000026s ]
INFO: [ app_init ] --END-- [ RunTime:0.000845s ]

[ 2017-07-28T15:48:31+08:00 ] ::1 /bbs/index.php/Home/Blo/b.html
INFO: [ app_init ] --START--
INFO: Run Behavior\BuildLiteBehavior [ RunTime:0.000011s ]
INFO: [ app_init ] --END-- [ RunTime:0.000781s ]

[ 2017-07-28T15:48:33+08:00 ] ::1 /bbs/index.php/Home/Blo/d/i/8923.html
INFO: [ app_init ] --START--
INFO: Run Behavior\BuildLiteBehavior [ RunTime:0.000013s ]
INFO: [ app_init ] --END-- [ RunTime:0.000815s ]

[ 2017-07-28T15:48:36+08:00 ] ::1 /bbs/index.php/Home/Blo/b.html
INFO: [ app_init ] --START--
INFO: Run Behavior\BuildLiteBehavior [ RunTime:0.000012s ]
INFO: [ app_init ] --END-- [ RunTime:0.000791s ]

[ 2017-07-28T15:49:12+08:00 ] ::1 /bbs/index.php/Home/Index/index.html
INFO: [ app_init ] --START--
INFO: Run Behavior\BuildLiteBehavior [ RunTime:0.000021s ]
INFO: [ app_init ] --END-- [ RunTime:0.001091s ]

[ 2017-07-28T15:49:14+08:00 ] ::1 /bbs/index.php/Home/Blo/b.html
INFO: [ app_init ] --START--
INFO: Run Behavior\BuildLiteBehavior [ RunTime:0.000012s ]
INFO: [ app_init ] --END-- [ RunTime:0.000903s ]

[ 2017-07-28T15:49:19+08:00 ] ::1 /bbs/index.php/Home/LY/l.html
INFO: [ app_init ] --START--
INFO: Run Behavior\BuildLiteBehavior [ RunTime:0.000013s ]
INFO: [ app_init ] --END-- [ RunTime:0.000808s ]

[ 2017-07-28T15:49:20+08:00 ] ::1 /bbs/index.php/Home/Blo/b.html
INFO: [ app_init ] --START--
INFO: Run Behavior\BuildLiteBehavior [ RunTime:0.000013s ]
INFO: [ app_init ] --END-- [ RunTime:0.000804s ]

[ 2017-07-28T15:49:21+08:00 ] ::1 /bbs/index.php/Home/LY/l.html
INFO: [ app_init ] --START--
INFO: Run Behavior\BuildLiteBehavior [ RunTime:0.000012s ]
INFO: [ app_init ] --END-- [ RunTime:0.000778s ]

[ 2017-07-28T15:49:24+08:00 ] ::1 /bbs/index.php/Home/Blo/b.html
INFO: [ app_init ] --START--
INFO: Run Behavior\BuildLiteBehavior [ RunTime:0.000012s ]
INFO: [ app_init ] --END-- [ RunTime:0.000774s ]

[ 2017-07-28T15:49:27+08:00 ] ::1 /bbs/index.php/Home/Blo/b.html
INFO: [ app_init ] --START--
INFO: Run Behavior\BuildLiteBehavior [ RunTime:0.000014s ]
INFO: [ app_init ] --END-- [ RunTime:0.000856s ]

[ 2017-07-28T15:49:27+08:00 ] ::1 /bbs/index.php/Home/Blo/b.html
INFO: [ app_init ] --START--
INFO: Run Behavior\BuildLiteBehavior [ RunTime:0.000021s ]
INFO: [ app_init ] --END-- [ RunTime:0.001045s ]

[ 2017-07-28T15:49:27+08:00 ] ::1 /bbs/index.php/Home/Blo/b.html
INFO: [ app_init ] --START--
INFO: Run Behavior\BuildLiteBehavior [ RunTime:0.000012s ]
INFO: [ app_init ] --END-- [ RunTime:0.000840s ]

[ 2017-07-28T15:49:27+08:00 ] ::1 /bbs/index.php/Home/Blo/b.html
INFO: [ app_init ] --START--
INFO: Run Behavior\BuildLiteBehavior [ RunTime:0.000034s ]
INFO: [ app_init ] --END-- [ RunTime:0.001514s ]

[ 2017-07-28T15:49:28+08:00 ] ::1 /bbs/index.php/Home/Blo/b.html
INFO: [ app_init ] --START--
INFO: Run Behavior\BuildLiteBehavior [ RunTime:0.000013s ]
INFO: [ app_init ] --END-- [ RunTime:0.000826s ]

[ 2017-07-28T16:09:58+08:00 ] ::1 /bbs/index.php/Home/Blo/b.html
INFO: [ app_init ] --START--
INFO: Run Behavior\BuildLiteBehavior [ RunTime:0.000013s ]
INFO: [ app_init ] --END-- [ RunTime:0.000716s ]

[ 2017-07-28T16:10:26+08:00 ] ::1 /bbs/index.php/Home/Blo/b.html
INFO: [ app_init ] --START--
INFO: Run Behavior\BuildLiteBehavior [ RunTime:0.000011s ]
INFO: [ app_init ] --END-- [ RunTime:0.000783s ]

[ 2017-07-28T16:11:15+08:00 ] ::1 /bbs/index.php/Home/Blo/b.html
INFO: [ app_init ] --START--
INFO: Run Behavior\BuildLiteBehavior [ RunTime:0.000013s ]
INFO: [ app_init ] --END-- [ RunTime:0.000792s ]

[ 2017-07-28T16:11:17+08:00 ] ::1 /bbs/index.php/Home/Blo/b.html
INFO: [ app_init ] --START--
INFO: Run Behavior\BuildLiteBehavior [ RunTime:0.000016s ]
INFO: [ app_init ] --END-- [ RunTime:0.000717s ]

[ 2017-07-28T16:11:46+08:00 ] ::1 /bbs/index.php/Home/Blo/b.html
INFO: [ app_init ] --START--
INFO: Run Behavior\BuildLiteBehavior [ RunTime:0.000014s ]
INFO: [ app_init ] --END-- [ RunTime:0.000833s ]

[ 2017-07-28T16:12:04+08:00 ] ::1 /bbs/index.php/Home/Blo/b.html
INFO: [ app_init ] --START--
INFO: Run Behavior\BuildLiteBehavior [ RunTime:0.000021s ]
INFO: [ app_init ] --END-- [ RunTime:0.000878s ]

[ 2017-07-28T16:12:08+08:00 ] ::1 /bbs/index.php/Home/LY/l.html
INFO: [ app_init ] --START--
INFO: Run Behavior\BuildLiteBehavior [ RunTime:0.000013s ]
INFO: [ app_init ] --END-- [ RunTime:0.000975s ]

[ 2017-07-28T16:13:18+08:00 ] ::1 /bbs/index.php/Home/Blo/b.html
INFO: [ app_init ] --START--
INFO: Run Behavior\BuildLiteBehavior [ RunTime:0.000012s ]
INFO: [ app_init ] --END-- [ RunTime:0.000713s ]
ERR: 1064:You have an error in your SQL syntax; check the manual that corresponds to your MariaDB server version for the right syntax to use near 'read desc LIMIT 10' at line 1
 [ SQL语句 ] : SELECT * FROM `wz` ORDER BY read desc LIMIT 10  

[ 2017-07-28T16:14:01+08:00 ] ::1 /bbs/index.php/Home/Blo/b.html
INFO: [ app_init ] --START--
INFO: Run Behavior\BuildLiteBehavior [ RunTime:0.000012s ]
INFO: [ app_init ] --END-- [ RunTime:0.000634s ]
ERR: 1064:You have an error in your SQL syntax; check the manual that corresponds to your MariaDB server version for the right syntax to use near 'read desc LIMIT 10' at line 1
 [ SQL语句 ] : SELECT * FROM `wz` ORDER BY read desc LIMIT 10  

[ 2017-07-28T16:14:01+08:00 ] ::1 /bbs/index.php/Home/Blo/b.html
INFO: [ app_init ] --START--
INFO: Run Behavior\BuildLiteBehavior [ RunTime:0.000012s ]
INFO: [ app_init ] --END-- [ RunTime:0.000642s ]
ERR: 1064:You have an error in your SQL syntax; check the manual that corresponds to your MariaDB server version for the right syntax to use near 'read desc LIMIT 10' at line 1
 [ SQL语句 ] : SELECT * FROM `wz` ORDER BY read desc LIMIT 10  

[ 2017-07-28T16:14:02+08:00 ] ::1 /bbs/index.php/Home/Blo/b.html
INFO: [ app_init ] --START--
INFO: Run Behavior\BuildLiteBehavior [ RunTime:0.000017s ]
INFO: [ app_init ] --END-- [ RunTime:0.000820s ]
ERR: 1064:You have an error in your SQL syntax; check the manual that corresponds to your MariaDB server version for the right syntax to use near 'read desc LIMIT 10' at line 1
 [ SQL语句 ] : SELECT * FROM `wz` ORDER BY read desc LIMIT 10  

[ 2017-07-28T16:15:54+08:00 ] ::1 /bbs/index.php/Home/Blo/b.html
INFO: [ app_init ] --START--
INFO: Run Behavior\BuildLiteBehavior [ RunTime:0.000012s ]
INFO: [ app_init ] --END-- [ RunTime:0.000708s ]

[ 2017-07-28T16:16:05+08:00 ] ::1 /bbs/index.php/Home/Index/index.html
INFO: [ app_init ] --START--
INFO: Run Behavior\BuildLiteBehavior [ RunTime:0.000013s ]
INFO: [ app_init ] --END-- [ RunTime:0.000710s ]

[ 2017-07-28T16:17:11+08:00 ] ::1 /bbs/index.php/Home/Blo/d/i/8923.html
INFO: [ app_init ] --START--
INFO: Run Behavior\BuildLiteBehavior [ RunTime:0.000015s ]
INFO: [ app_init ] --END-- [ RunTime:0.000924s ]

[ 2017-07-28T16:17:25+08:00 ] ::1 /bbs/index.php/Home/Blo/d/i/8923.html
INFO: [ app_init ] --START--
INFO: Run Behavior\BuildLiteBehavior [ RunTime:0.000011s ]
INFO: [ app_init ] --END-- [ RunTime:0.000614s ]

[ 2017-07-28T16:17:26+08:00 ] ::1 /bbs/index.php/Home/Blo/d/i/8923.html
INFO: [ app_init ] --START--
INFO: Run Behavior\BuildLiteBehavior [ RunTime:0.000011s ]
INFO: [ app_init ] --END-- [ RunTime:0.000622s ]

[ 2017-07-28T16:17:27+08:00 ] ::1 /bbs/index.php/Home/Blo/d/i/8922.html
INFO: [ app_init ] --START--
INFO: Run Behavior\BuildLiteBehavior [ RunTime:0.000014s ]
INFO: [ app_init ] --END-- [ RunTime:0.000620s ]

[ 2017-07-28T16:17:28+08:00 ] ::1 /bbs/index.php/Home/Blo/d/i/8923.html
INFO: [ app_init ] --START--
INFO: Run Behavior\BuildLiteBehavior [ RunTime:0.000013s ]
INFO: [ app_init ] --END-- [ RunTime:0.000756s ]

[ 2017-07-28T16:17:29+08:00 ] ::1 /bbs/index.php/Home/Blo/d/i/8920.html
INFO: [ app_init ] --START--
INFO: Run Behavior\BuildLiteBehavior [ RunTime:0.000013s ]
INFO: [ app_init ] --END-- [ RunTime:0.000594s ]

[ 2017-07-28T16:17:31+08:00 ] ::1 /bbs/index.php/Home/Blo/d/i/8919.html
INFO: [ app_init ] --START--
INFO: Run Behavior\BuildLiteBehavior [ RunTime:0.000012s ]
INFO: [ app_init ] --END-- [ RunTime:0.000573s ]

[ 2017-07-28T16:17:32+08:00 ] ::1 /bbs/index.php/Home/Blo/d/i/8918.html
INFO: [ app_init ] --START--
INFO: Run Behavior\BuildLiteBehavior [ RunTime:0.000013s ]
INFO: [ app_init ] --END-- [ RunTime:0.000629s ]

[ 2017-07-28T16:17:32+08:00 ] ::1 /bbs/index.php/Home/Blo/d/i/8917.html
INFO: [ app_init ] --START--
INFO: Run Behavior\BuildLiteBehavior [ RunTime:0.000013s ]
INFO: [ app_init ] --END-- [ RunTime:0.000652s ]

[ 2017-07-28T16:17:34+08:00 ] ::1 /bbs/index.php/Home/Blo/d/i/8923.html
INFO: [ app_init ] --START--
INFO: Run Behavior\BuildLiteBehavior [ RunTime:0.000012s ]
INFO: [ app_init ] --END-- [ RunTime:0.000591s ]

[ 2017-07-28T16:17:35+08:00 ] ::1 /bbs/index.php/Home/Blo/d/i/8888.html
INFO: [ app_init ] --START--
INFO: Run Behavior\BuildLiteBehavior [ RunTime:0.000013s ]
INFO: [ app_init ] --END-- [ RunTime:0.000621s ]

[ 2017-07-28T16:17:37+08:00 ] ::1 /bbs/index.php/Home/Blo/d/i/8888.html
INFO: [ app_init ] --START--
INFO: Run Behavior\BuildLiteBehavior [ RunTime:0.000011s ]
INFO: [ app_init ] --END-- [ RunTime:0.000604s ]

[ 2017-07-28T16:17:39+08:00 ] ::1 /bbs/index.php/Home/Blo/d/i/8888.html
INFO: [ app_init ] --START--
INFO: Run Behavior\BuildLiteBehavior [ RunTime:0.000016s ]
INFO: [ app_init ] --END-- [ RunTime:0.000720s ]

[ 2017-07-28T16:17:40+08:00 ] ::1 /bbs/index.php/Home/Blo/d/i/8888.html
INFO: [ app_init ] --START--
INFO: Run Behavior\BuildLiteBehavior [ RunTime:0.000012s ]
INFO: [ app_init ] --END-- [ RunTime:0.000641s ]

[ 2017-07-28T16:17:40+08:00 ] ::1 /bbs/index.php/Home/Blo/d/i/8888.html
INFO: [ app_init ] --START--
INFO: Run Behavior\BuildLiteBehavior [ RunTime:0.000014s ]
INFO: [ app_init ] --END-- [ RunTime:0.000856s ]

[ 2017-07-28T16:17:40+08:00 ] ::1 /bbs/index.php/Home/Blo/d/i/8888.html
INFO: [ app_init ] --START--
INFO: Run Behavior\BuildLiteBehavior [ RunTime:0.000012s ]
INFO: [ app_init ] --END-- [ RunTime:0.000656s ]

[ 2017-07-28T16:17:40+08:00 ] ::1 /bbs/index.php/Home/Blo/d/i/8888.html
INFO: [ app_init ] --START--
INFO: Run Behavior\BuildLiteBehavior [ RunTime:0.000011s ]
INFO: [ app_init ] --END-- [ RunTime:0.000645s ]

[ 2017-07-28T16:17:41+08:00 ] ::1 /bbs/index.php/Home/Blo/d/i/8888.html
INFO: [ app_init ] --START--
INFO: Run Behavior\BuildLiteBehavior [ RunTime:0.000013s ]
INFO: [ app_init ] --END-- [ RunTime:0.000659s ]

[ 2017-07-28T16:17:41+08:00 ] ::1 /bbs/index.php/Home/Blo/d/i/8888.html
INFO: [ app_init ] --START--
INFO: Run Behavior\BuildLiteBehavior [ RunTime:0.000013s ]
INFO: [ app_init ] --END-- [ RunTime:0.000609s ]

[ 2017-07-28T16:17:41+08:00 ] ::1 /bbs/index.php/Home/Blo/d/i/8888.html
INFO: [ app_init ] --START--
INFO: Run Behavior\BuildLiteBehavior [ RunTime:0.000019s ]
INFO: [ app_init ] --END-- [ RunTime:0.001288s ]

[ 2017-07-28T16:17:41+08:00 ] ::1 /bbs/index.php/Home/Blo/d/i/8888.html
INFO: [ app_init ] --START--
INFO: Run Behavior\BuildLiteBehavior [ RunTime:0.000014s ]
INFO: [ app_init ] --END-- [ RunTime:0.000764s ]

[ 2017-07-28T16:17:42+08:00 ] ::1 /bbs/index.php/Home/Blo/d/i/8888.html
INFO: [ app_init ] --START--
INFO: Run Behavior\BuildLiteBehavior [ RunTime:0.000063s ]
INFO: [ app_init ] --END-- [ RunTime:0.001570s ]

[ 2017-07-28T16:17:42+08:00 ] ::1 /bbs/index.php/Home/Blo/d/i/8888.html
INFO: [ app_init ] --START--
INFO: Run Behavior\BuildLiteBehavior [ RunTime:0.000017s ]
INFO: [ app_init ] --END-- [ RunTime:0.000781s ]

[ 2017-07-28T16:17:44+08:00 ] ::1 /bbs/index.php/Home/Blo/d/i/8890.html
INFO: [ app_init ] --START--
INFO: Run Behavior\BuildLiteBehavior [ RunTime:0.000012s ]
INFO: [ app_init ] --END-- [ RunTime:0.000539s ]

[ 2017-07-28T16:17:45+08:00 ] ::1 /bbs/index.php/Home/Blo/d/i/8890.html
INFO: [ app_init ] --START--
INFO: Run Behavior\BuildLiteBehavior [ RunTime:0.000011s ]
INFO: [ app_init ] --END-- [ RunTime:0.000612s ]

[ 2017-07-28T16:17:45+08:00 ] ::1 /bbs/index.php/Home/Blo/d/i/8890.html
INFO: [ app_init ] --START--
INFO: Run Behavior\BuildLiteBehavior [ RunTime:0.000014s ]
INFO: [ app_init ] --END-- [ RunTime:0.000873s ]

[ 2017-07-28T16:17:46+08:00 ] ::1 /bbs/index.php/Home/Blo/d/i/8890.html
INFO: [ app_init ] --START--
INFO: Run Behavior\BuildLiteBehavior [ RunTime:0.000012s ]
INFO: [ app_init ] --END-- [ RunTime:0.000684s ]

[ 2017-07-28T16:17:46+08:00 ] ::1 /bbs/index.php/Home/Blo/d/i/8890.html
INFO: [ app_init ] --START--
INFO: Run Behavior\BuildLiteBehavior [ RunTime:0.000012s ]
INFO: [ app_init ] --END-- [ RunTime:0.000655s ]

[ 2017-07-28T16:17:47+08:00 ] ::1 /bbs/index.php/Home/Blo/d/i/8890.html
INFO: [ app_init ] --START--
INFO: Run Behavior\BuildLiteBehavior [ RunTime:0.000012s ]
INFO: [ app_init ] --END-- [ RunTime:0.000637s ]

[ 2017-07-28T16:17:47+08:00 ] ::1 /bbs/index.php/Home/Blo/d/i/8890.html
INFO: [ app_init ] --START--
INFO: Run Behavior\BuildLiteBehavior [ RunTime:0.000012s ]
INFO: [ app_init ] --END-- [ RunTime:0.000561s ]

[ 2017-07-28T16:17:47+08:00 ] ::1 /bbs/index.php/Home/Blo/d/i/8890.html
INFO: [ app_init ] --START--
INFO: Run Behavior\BuildLiteBehavior [ RunTime:0.000015s ]
INFO: [ app_init ] --END-- [ RunTime:0.000939s ]

[ 2017-07-28T16:17:47+08:00 ] ::1 /bbs/index.php/Home/Blo/d/i/8890.html
INFO: [ app_init ] --START--
INFO: Run Behavior\BuildLiteBehavior [ RunTime:0.000013s ]
INFO: [ app_init ] --END-- [ RunTime:0.000848s ]

[ 2017-07-28T16:17:47+08:00 ] ::1 /bbs/index.php/Home/Blo/d/i/8890.html
INFO: [ app_init ] --START--
INFO: Run Behavior\BuildLiteBehavior [ RunTime:0.000011s ]
INFO: [ app_init ] --END-- [ RunTime:0.000518s ]

[ 2017-07-28T16:17:48+08:00 ] ::1 /bbs/index.php/Home/Blo/d/i/8890.html
INFO: [ app_init ] --START--
INFO: Run Behavior\BuildLiteBehavior [ RunTime:0.000012s ]
INFO: [ app_init ] --END-- [ RunTime:0.000720s ]

[ 2017-07-28T16:17:48+08:00 ] ::1 /bbs/index.php/Home/Blo/d/i/8890.html
INFO: [ app_init ] --START--
INFO: Run Behavior\BuildLiteBehavior [ RunTime:0.000012s ]
INFO: [ app_init ] --END-- [ RunTime:0.000609s ]

[ 2017-07-28T16:17:48+08:00 ] ::1 /bbs/index.php/Home/Blo/d/i/8890.html
INFO: [ app_init ] --START--
INFO: Run Behavior\BuildLiteBehavior [ RunTime:0.000013s ]
INFO: [ app_init ] --END-- [ RunTime:0.000847s ]

[ 2017-07-28T16:17:48+08:00 ] ::1 /bbs/index.php/Home/Blo/d/i/8890.html
INFO: [ app_init ] --START--
INFO: Run Behavior\BuildLiteBehavior [ RunTime:0.000014s ]
INFO: [ app_init ] --END-- [ RunTime:0.000775s ]

[ 2017-07-28T16:17:49+08:00 ] ::1 /bbs/index.php/Home/Blo/d/i/8890.html
INFO: [ app_init ] --START--
INFO: Run Behavior\BuildLiteBehavior [ RunTime:0.000015s ]
INFO: [ app_init ] --END-- [ RunTime:0.000702s ]

[ 2017-07-28T16:17:49+08:00 ] ::1 /bbs/index.php/Home/Blo/d/i/8890.html
INFO: [ app_init ] --START--
INFO: Run Behavior\BuildLiteBehavior [ RunTime:0.000021s ]
INFO: [ app_init ] --END-- [ RunTime:0.000926s ]

[ 2017-07-28T16:17:53+08:00 ] ::1 /bbs/index.php/Home/Index/index.html
INFO: [ app_init ] --START--
INFO: Run Behavior\BuildLiteBehavior [ RunTime:0.000011s ]
INFO: [ app_init ] --END-- [ RunTime:0.000611s ]

[ 2017-07-28T16:19:41+08:00 ] ::1 /bbs/index.php/Home/Index/index.html
INFO: [ app_init ] --START--
INFO: Run Behavior\BuildLiteBehavior [ RunTime:0.000011s ]
INFO: [ app_init ] --END-- [ RunTime:0.000626s ]

[ 2017-07-28T16:19:42+08:00 ] ::1 /bbs/index.php/Home/Blo/b.html
INFO: [ app_init ] --START--
INFO: Run Behavior\BuildLiteBehavior [ RunTime:0.000017s ]
INFO: [ app_init ] --END-- [ RunTime:0.001792s ]

[ 2017-07-28T16:19:59+08:00 ] ::1 /bbs/index.php/Home/Blo/b.html
INFO: [ app_init ] --START--
INFO: Run Behavior\BuildLiteBehavior [ RunTime:0.000015s ]
INFO: [ app_init ] --END-- [ RunTime:0.001208s ]

[ 2017-07-28T16:20:23+08:00 ] ::1 /bbs/index.php/Home/Blo/b.html
INFO: [ app_init ] --START--
INFO: Run Behavior\BuildLiteBehavior [ RunTime:0.000011s ]
INFO: [ app_init ] --END-- [ RunTime:0.000631s ]

[ 2017-07-28T16:20:38+08:00 ] ::1 /bbs/index.php/Home/Blo/b.html
INFO: [ app_init ] --START--
INFO: Run Behavior\BuildLiteBehavior [ RunTime:0.000013s ]
INFO: [ app_init ] --END-- [ RunTime:0.000870s ]

[ 2017-07-28T16:20:39+08:00 ] ::1 /bbs/index.php/Home/Blo/b.html
INFO: [ app_init ] --START--
INFO: Run Behavior\BuildLiteBehavior [ RunTime:0.000028s ]
INFO: [ app_init ] --END-- [ RunTime:0.001148s ]

[ 2017-07-28T16:20:39+08:00 ] ::1 /bbs/index.php/Home/Blo/b.html
INFO: [ app_init ] --START--
INFO: Run Behavior\BuildLiteBehavior [ RunTime:0.000014s ]
INFO: [ app_init ] --END-- [ RunTime:0.000675s ]

[ 2017-07-28T16:20:39+08:00 ] ::1 /bbs/index.php/Home/Blo/b.html
INFO: [ app_init ] --START--
INFO: Run Behavior\BuildLiteBehavior [ RunTime:0.000014s ]
INFO: [ app_init ] --END-- [ RunTime:0.000943s ]

[ 2017-07-28T16:20:39+08:00 ] ::1 /bbs/index.php/Home/Blo/b.html
INFO: [ app_init ] --START--
INFO: Run Behavior\BuildLiteBehavior [ RunTime:0.000012s ]
INFO: [ app_init ] --END-- [ RunTime:0.000641s ]

[ 2017-07-28T16:20:39+08:00 ] ::1 /bbs/index.php/Home/Blo/b.html
INFO: [ app_init ] --START--
INFO: Run Behavior\BuildLiteBehavior [ RunTime:0.000014s ]
INFO: [ app_init ] --END-- [ RunTime:0.000601s ]

[ 2017-07-28T16:20:40+08:00 ] ::1 /bbs/index.php/Home/Blo/b.html
INFO: [ app_init ] --START--
INFO: Run Behavior\BuildLiteBehavior [ RunTime:0.000012s ]
INFO: [ app_init ] --END-- [ RunTime:0.000615s ]

[ 2017-07-28T16:20:40+08:00 ] ::1 /bbs/index.php/Home/Blo/b.html
INFO: [ app_init ] --START--
INFO: Run Behavior\BuildLiteBehavior [ RunTime:0.000013s ]
INFO: [ app_init ] --END-- [ RunTime:0.000854s ]

[ 2017-07-28T16:20:40+08:00 ] ::1 /bbs/index.php/Home/Blo/b.html
INFO: [ app_init ] --START--
INFO: Run Behavior\BuildLiteBehavior [ RunTime:0.000018s ]
INFO: [ app_init ] --END-- [ RunTime:0.000596s ]

[ 2017-07-28T16:20:40+08:00 ] ::1 /bbs/index.php/Home/Blo/b.html
INFO: [ app_init ] --START--
INFO: Run Behavior\BuildLiteBehavior [ RunTime:0.000020s ]
INFO: [ app_init ] --END-- [ RunTime:0.000678s ]

[ 2017-07-28T16:20:40+08:00 ] ::1 /bbs/index.php/Home/Blo/b.html
INFO: [ app_init ] --START--
INFO: Run Behavior\BuildLiteBehavior [ RunTime:0.000027s ]
INFO: [ app_init ] --END-- [ RunTime:0.000931s ]

[ 2017-07-28T16:20:41+08:00 ] ::1 /bbs/index.php/Home/Blo/b.html
INFO: [ app_init ] --START--
INFO: Run Behavior\BuildLiteBehavior [ RunTime:0.000026s ]
INFO: [ app_init ] --END-- [ RunTime:0.001319s ]

[ 2017-07-28T16:20:51+08:00 ] ::1 /bbs/index.php/Home/Blo/b.html
INFO: [ app_init ] --START--
INFO: Run Behavior\BuildLiteBehavior [ RunTime:0.000017s ]
INFO: [ app_init ] --END-- [ RunTime:0.000795s ]

[ 2017-07-28T16:20:52+08:00 ] ::1 /bbs/index.php/Home/Blo/b.html
INFO: [ app_init ] --START--
INFO: Run Behavior\BuildLiteBehavior [ RunTime:0.000022s ]
INFO: [ app_init ] --END-- [ RunTime:0.001188s ]

[ 2017-07-28T16:20:52+08:00 ] ::1 /bbs/index.php/Home/Blo/b.html
INFO: [ app_init ] --START--
INFO: Run Behavior\BuildLiteBehavior [ RunTime:0.000012s ]
INFO: [ app_init ] --END-- [ RunTime:0.000584s ]

[ 2017-07-28T16:20:52+08:00 ] ::1 /bbs/index.php/Home/Blo/b.html
INFO: [ app_init ] --START--
INFO: Run Behavior\BuildLiteBehavior [ RunTime:0.000011s ]
INFO: [ app_init ] --END-- [ RunTime:0.000643s ]

[ 2017-07-28T16:22:19+08:00 ] ::1 /bbs/index.php/Home/Blo/b.html
INFO: [ app_init ] --START--
INFO: Run Behavior\BuildLiteBehavior [ RunTime:0.000012s ]
INFO: [ app_init ] --END-- [ RunTime:0.000578s ]

[ 2017-07-28T16:22:22+08:00 ] ::1 /bbs/index.php/Home/Blo/d/i/8923.html
INFO: [ app_init ] --START--
INFO: Run Behavior\BuildLiteBehavior [ RunTime:0.000013s ]
INFO: [ app_init ] --END-- [ RunTime:0.000623s ]

[ 2017-07-28T16:22:30+08:00 ] ::1 /bbs/index.php/Home/LY/l.html
INFO: [ app_init ] --START--
INFO: Run Behavior\BuildLiteBehavior [ RunTime:0.000013s ]
INFO: [ app_init ] --END-- [ RunTime:0.000609s ]

[ 2017-07-28T16:29:52+08:00 ] ::1 /bbs/index.php/Home/LY/l.html
INFO: [ app_init ] --START--
INFO: Run Behavior\BuildLiteBehavior [ RunTime:0.000017s ]
INFO: [ app_init ] --END-- [ RunTime:0.001351s ]

[ 2017-07-28T16:29:55+08:00 ] ::1 /bbs/index.php/Home/Index/index.html
INFO: [ app_init ] --START--
INFO: Run Behavior\BuildLiteBehavior [ RunTime:0.000011s ]
INFO: [ app_init ] --END-- [ RunTime:0.000609s ]

[ 2017-07-28T16:29:56+08:00 ] ::1 /bbs/index.php/Home/Blo/b.html
INFO: [ app_init ] --START--
INFO: Run Behavior\BuildLiteBehavior [ RunTime:0.000013s ]
INFO: [ app_init ] --END-- [ RunTime:0.000575s ]

[ 2017-07-28T16:29:58+08:00 ] ::1 /bbs/index.php/Home/Index/index.html
INFO: [ app_init ] --START--
INFO: Run Behavior\BuildLiteBehavior [ RunTime:0.000011s ]
INFO: [ app_init ] --END-- [ RunTime:0.000575s ]

[ 2017-07-28T16:37:16+08:00 ] ::1 /bbs/index.php/Home/Index/index.html
INFO: [ app_init ] --START--
INFO: Run Behavior\BuildLiteBehavior [ RunTime:0.000018s ]
INFO: [ app_init ] --END-- [ RunTime:0.000923s ]

[ 2017-07-28T16:38:38+08:00 ] ::1 /bbs/index.php/Home/Index/index.html
INFO: [ app_init ] --START--
INFO: Run Behavior\BuildLiteBehavior [ RunTime:0.000013s ]
INFO: [ app_init ] --END-- [ RunTime:0.000648s ]

[ 2017-07-28T16:38:39+08:00 ] ::1 /bbs/index.php/Home/Index/index.html
INFO: [ app_init ] --START--
INFO: Run Behavior\BuildLiteBehavior [ RunTime:0.000012s ]
INFO: [ app_init ] --END-- [ RunTime:0.000633s ]

[ 2017-07-28T16:38:39+08:00 ] ::1 /bbs/index.php/Home/Index/index.html
INFO: [ app_init ] --START--
INFO: Run Behavior\BuildLiteBehavior [ RunTime:0.000015s ]
INFO: [ app_init ] --END-- [ RunTime:0.000755s ]

[ 2017-07-28T16:39:22+08:00 ] ::1 /bbs/index.php/Home/Index/index.html
INFO: [ app_init ] --START--
INFO: Run Behavior\BuildLiteBehavior [ RunTime:0.000014s ]
INFO: [ app_init ] --END-- [ RunTime:0.000738s ]

[ 2017-07-28T16:39:24+08:00 ] ::1 /bbs/index.php/Home/Index/index.html
INFO: [ app_init ] --START--
INFO: Run Behavior\BuildLiteBehavior [ RunTime:0.000012s ]
INFO: [ app_init ] --END-- [ RunTime:0.000637s ]

[ 2017-07-28T16:39:24+08:00 ] ::1 /bbs/index.php/Home/Index/index.html
INFO: [ app_init ] --START--
INFO: Run Behavior\BuildLiteBehavior [ RunTime:0.000014s ]
INFO: [ app_init ] --END-- [ RunTime:0.001086s ]

[ 2017-07-28T16:39:25+08:00 ] ::1 /bbs/index.php/Home/Index/index.html
INFO: [ app_init ] --START--
INFO: Run Behavior\BuildLiteBehavior [ RunTime:0.000022s ]
INFO: [ app_init ] --END-- [ RunTime:0.000638s ]

[ 2017-07-28T16:39:25+08:00 ] ::1 /bbs/index.php/Home/Index/index.html
INFO: [ app_init ] --START--
INFO: Run Behavior\BuildLiteBehavior [ RunTime:0.000011s ]
INFO: [ app_init ] --END-- [ RunTime:0.000640s ]

[ 2017-07-28T16:39:26+08:00 ] ::1 /bbs/index.php/Home/Index/index.html
INFO: [ app_init ] --START--
INFO: Run Behavior\BuildLiteBehavior [ RunTime:0.000017s ]
INFO: [ app_init ] --END-- [ RunTime:0.000687s ]

[ 2017-07-28T16:39:26+08:00 ] ::1 /bbs/index.php/Home/Index/index.html
INFO: [ app_init ] --START--
INFO: Run Behavior\BuildLiteBehavior [ RunTime:0.000011s ]
INFO: [ app_init ] --END-- [ RunTime:0.000596s ]

[ 2017-07-28T16:39:26+08:00 ] ::1 /bbs/index.php/Home/Index/index.html
INFO: [ app_init ] --START--
INFO: Run Behavior\BuildLiteBehavior [ RunTime:0.000011s ]
INFO: [ app_init ] --END-- [ RunTime:0.000643s ]

[ 2017-07-28T16:39:26+08:00 ] ::1 /bbs/index.php/Home/Index/index.html
INFO: [ app_init ] --START--
INFO: Run Behavior\BuildLiteBehavior [ RunTime:0.000020s ]
INFO: [ app_init ] --END-- [ RunTime:0.000735s ]

[ 2017-07-28T16:39:27+08:00 ] ::1 /bbs/index.php/Home/Index/index.html
INFO: [ app_init ] --START--
INFO: Run Behavior\BuildLiteBehavior [ RunTime:0.000012s ]
INFO: [ app_init ] --END-- [ RunTime:0.000649s ]

[ 2017-07-28T16:39:32+08:00 ] ::1 /bbs/index.php/Home/Blo/b.html
INFO: [ app_init ] --START--
INFO: Run Behavior\BuildLiteBehavior [ RunTime:0.000013s ]
INFO: [ app_init ] --END-- [ RunTime:0.000702s ]

[ 2017-07-28T16:39:37+08:00 ] ::1 /bbs/index.php/Home/Index/index.html
INFO: [ app_init ] --START--
INFO: Run Behavior\BuildLiteBehavior [ RunTime:0.000012s ]
INFO: [ app_init ] --END-- [ RunTime:0.000635s ]

[ 2017-07-28T16:40:04+08:00 ] ::1 /bbs/index.php/Home/Index/index.html
INFO: [ app_init ] --START--
INFO: Run Behavior\BuildLiteBehavior [ RunTime:0.000012s ]
INFO: [ app_init ] --END-- [ RunTime:0.000652s ]

[ 2017-07-28T16:40:43+08:00 ] ::1 /bbs/index.php/Home/Index/index.html
INFO: [ app_init ] --START--
INFO: Run Behavior\BuildLiteBehavior [ RunTime:0.000015s ]
INFO: [ app_init ] --END-- [ RunTime:0.001203s ]

[ 2017-07-28T16:40:53+08:00 ] ::1 /bbs/index.php/Home/Blo/b.html
INFO: [ app_init ] --START--
INFO: Run Behavior\BuildLiteBehavior [ RunTime:0.000020s ]
INFO: [ app_init ] --END-- [ RunTime:0.000788s ]

[ 2017-07-28T16:40:56+08:00 ] ::1 /bbs/index.php/Home/LY/l.html
INFO: [ app_init ] --START--
INFO: Run Behavior\BuildLiteBehavior [ RunTime:0.000013s ]
INFO: [ app_init ] --END-- [ RunTime:0.000636s ]

[ 2017-07-28T16:43:36+08:00 ] ::1 /bbs/index.php/Home/Blo/d/i/8923.html
INFO: [ app_init ] --START--
INFO: Run Behavior\BuildLiteBehavior [ RunTime:0.000011s ]
INFO: [ app_init ] --END-- [ RunTime:0.000655s ]

[ 2017-07-28T16:44:46+08:00 ] ::1 /bbs/index.php/Home/Blo/d/i/8923.html
INFO: [ app_init ] --START--
INFO: Run Behavior\BuildLiteBehavior [ RunTime:0.000023s ]
INFO: [ app_init ] --END-- [ RunTime:0.001242s ]

[ 2017-07-28T16:44:59+08:00 ] ::1 /bbs/index.php/Home/Blo/d/i/8896.html
INFO: [ app_init ] --START--
INFO: Run Behavior\BuildLiteBehavior [ RunTime:0.000013s ]
INFO: [ app_init ] --END-- [ RunTime:0.000593s ]

[ 2017-07-28T16:45:03+08:00 ] ::1 /bbs/index.php/Home/Blo/d/i/8889.html
INFO: [ app_init ] --START--
INFO: Run Behavior\BuildLiteBehavior [ RunTime:0.000015s ]
INFO: [ app_init ] --END-- [ RunTime:0.000698s ]

